#! /usr/bin/vvp
:ivl_version "12.0 (stable)";
:ivl_delay_selection "TYPICAL";
:vpi_time_precision - 12;
:vpi_module "/usr/lib/x86_64-linux-gnu/ivl/system.vpi";
:vpi_module "/usr/lib/x86_64-linux-gnu/ivl/vhdl_sys.vpi";
:vpi_module "/usr/lib/x86_64-linux-gnu/ivl/vhdl_textio.vpi";
:vpi_module "/usr/lib/x86_64-linux-gnu/ivl/v2005_math.vpi";
:vpi_module "/usr/lib/x86_64-linux-gnu/ivl/va_math.vpi";
S_0x5f1504bf7130 .scope module, "cpu_tb" "cpu_tb" 2 3;
 .timescale -9 -12;
v0x5f1504c52540_0 .var "clk", 0 0;
v0x5f1504c525e0_0 .var "reset", 0 0;
S_0x5f1504bf6cf0 .scope module, "uut" "cpu" 2 9, 3 1 0, S_0x5f1504bf7130;
 .timescale 0 0;
    .port_info 0 /INPUT 1 "clk";
    .port_info 1 /INPUT 1 "reset";
L_0x5f1504c644f0 .functor AND 1, v0x5f1504c4d0f0_0, L_0x5f1504c64390, C4<1>, C4<1>;
v0x5f1504c504a0_0 .net *"_ivl_13", 0 0, L_0x5f1504c53680;  1 drivers
v0x5f1504c505a0_0 .net *"_ivl_14", 15 0, L_0x5f1504c53770;  1 drivers
L_0x73906c66f138 .functor BUFT 1, C4<00000000000000000000000000000000>, C4<0>, C4<0>, C4<0>;
v0x5f1504c50680_0 .net/2u *"_ivl_22", 31 0, L_0x73906c66f138;  1 drivers
v0x5f1504c50770_0 .net *"_ivl_24", 0 0, L_0x5f1504c64390;  1 drivers
v0x5f1504c50830_0 .net *"_ivl_28", 31 0, L_0x5f1504c646a0;  1 drivers
v0x5f1504c50910_0 .net *"_ivl_30", 29 0, L_0x5f1504c64600;  1 drivers
L_0x73906c66f180 .functor BUFT 1, C4<00>, C4<0>, C4<0>, C4<0>;
v0x5f1504c509f0_0 .net *"_ivl_32", 1 0, L_0x73906c66f180;  1 drivers
v0x5f1504c50ad0_0 .net *"_ivl_34", 31 0, L_0x5f1504c64860;  1 drivers
L_0x73906c66f1c8 .functor BUFT 1, C4<00000000000000000000000000000100>, C4<0>, C4<0>, C4<0>;
v0x5f1504c50bb0_0 .net/2u *"_ivl_36", 31 0, L_0x73906c66f1c8;  1 drivers
v0x5f1504c50d20_0 .net *"_ivl_38", 31 0, L_0x5f1504c64990;  1 drivers
v0x5f1504c50e00_0 .net "alu_in2", 31 0, L_0x5f1504c53c80;  1 drivers
v0x5f1504c50ec0_0 .net "alu_op", 2 0, v0x5f1504c4cf70_0;  1 drivers
v0x5f1504c50f60_0 .net "alu_result", 31 0, v0x5f1504c4c530_0;  1 drivers
v0x5f1504c51070_0 .net "alu_src", 0 0, v0x5f1504c4d050_0;  1 drivers
v0x5f1504c51110_0 .net "branch", 0 0, v0x5f1504c4d0f0_0;  1 drivers
v0x5f1504c511b0_0 .net "branch_taken", 0 0, L_0x5f1504c644f0;  1 drivers
v0x5f1504c51250_0 .net "clk", 0 0, v0x5f1504c52540_0;  1 drivers
v0x5f1504c512f0_0 .net "imm", 15 0, L_0x5f1504c52b20;  1 drivers
v0x5f1504c513b0_0 .net "imm_ext", 31 0, L_0x5f1504c53be0;  1 drivers
v0x5f1504c51490_0 .net "instr", 31 0, L_0x5f1504c52e70;  1 drivers
v0x5f1504c51580_0 .net "mem_data", 31 0, L_0x5f1504c540a0;  1 drivers
v0x5f1504c51650_0 .net "mem_read", 0 0, v0x5f1504c4d190_0;  1 drivers
v0x5f1504c51720_0 .net "mem_to_reg", 0 0, v0x5f1504c4d250_0;  1 drivers
v0x5f1504c517f0_0 .net "mem_write", 0 0, v0x5f1504c4d360_0;  1 drivers
v0x5f1504c518e0_0 .net "next_pc", 31 0, L_0x5f1504c64b10;  1 drivers
v0x5f1504c51980_0 .net "opcode", 5 0, L_0x5f1504c526a0;  1 drivers
v0x5f1504c51a50_0 .net "pc", 31 0, v0x5f1504c4f030_0;  1 drivers
v0x5f1504c51b40_0 .net "rd", 4 0, L_0x5f1504c52a50;  1 drivers
v0x5f1504c51be0_0 .net "reg_data1", 31 0, L_0x5f1504c532e0;  1 drivers
v0x5f1504c51cf0_0 .net "reg_data2", 31 0, L_0x5f1504c535c0;  1 drivers
v0x5f1504c51e00_0 .net "reg_dst", 0 0, v0x5f1504c4d500_0;  1 drivers
v0x5f1504c51ea0_0 .net "reg_write", 0 0, v0x5f1504c4d5c0_0;  1 drivers
v0x5f1504c51f90_0 .net "reset", 0 0, v0x5f1504c525e0_0;  1 drivers
v0x5f1504c52240_0 .net "rs1", 4 0, L_0x5f1504c527e0;  1 drivers
v0x5f1504c522e0_0 .net "rs2", 4 0, L_0x5f1504c528d0;  1 drivers
v0x5f1504c52380_0 .net "write_data", 31 0, L_0x5f1504c541b0;  1 drivers
v0x5f1504c52450_0 .net "write_reg", 4 0, L_0x5f1504c52f30;  1 drivers
L_0x5f1504c526a0 .part L_0x5f1504c52e70, 26, 6;
L_0x5f1504c527e0 .part L_0x5f1504c52e70, 21, 5;
L_0x5f1504c528d0 .part L_0x5f1504c52e70, 16, 5;
L_0x5f1504c52a50 .part L_0x5f1504c52e70, 11, 5;
L_0x5f1504c52b20 .part L_0x5f1504c52e70, 0, 16;
L_0x5f1504c52f30 .functor MUXZ 5, L_0x5f1504c528d0, L_0x5f1504c52a50, v0x5f1504c4d500_0, C4<>;
L_0x5f1504c53680 .part L_0x5f1504c52b20, 15, 1;
LS_0x5f1504c53770_0_0 .concat [ 1 1 1 1], L_0x5f1504c53680, L_0x5f1504c53680, L_0x5f1504c53680, L_0x5f1504c53680;
LS_0x5f1504c53770_0_4 .concat [ 1 1 1 1], L_0x5f1504c53680, L_0x5f1504c53680, L_0x5f1504c53680, L_0x5f1504c53680;
LS_0x5f1504c53770_0_8 .concat [ 1 1 1 1], L_0x5f1504c53680, L_0x5f1504c53680, L_0x5f1504c53680, L_0x5f1504c53680;
LS_0x5f1504c53770_0_12 .concat [ 1 1 1 1], L_0x5f1504c53680, L_0x5f1504c53680, L_0x5f1504c53680, L_0x5f1504c53680;
L_0x5f1504c53770 .concat [ 4 4 4 4], LS_0x5f1504c53770_0_0, LS_0x5f1504c53770_0_4, LS_0x5f1504c53770_0_8, LS_0x5f1504c53770_0_12;
L_0x5f1504c53be0 .concat [ 16 16 0 0], L_0x5f1504c52b20, L_0x5f1504c53770;
L_0x5f1504c53c80 .functor MUXZ 32, L_0x5f1504c535c0, L_0x5f1504c53be0, v0x5f1504c4d050_0, C4<>;
L_0x5f1504c541b0 .functor MUXZ 32, v0x5f1504c4c530_0, L_0x5f1504c540a0, v0x5f1504c4d250_0, C4<>;
L_0x5f1504c64390 .cmp/eq 32, v0x5f1504c4c530_0, L_0x73906c66f138;
L_0x5f1504c64600 .part L_0x5f1504c53be0, 0, 30;
L_0x5f1504c646a0 .concat [ 2 30 0 0], L_0x73906c66f180, L_0x5f1504c64600;
L_0x5f1504c64860 .arith/sum 32, v0x5f1504c4f030_0, L_0x5f1504c646a0;
L_0x5f1504c64990 .arith/sum 32, v0x5f1504c4f030_0, L_0x73906c66f1c8;
L_0x5f1504c64b10 .functor MUXZ 32, L_0x5f1504c64990, L_0x5f1504c64860, L_0x5f1504c644f0, C4<>;
S_0x5f1504bf68b0 .scope module, "alu_inst" "alu" 3 84, 4 1 0, S_0x5f1504bf6cf0;
 .timescale 0 0;
    .port_info 0 /INPUT 32 "a";
    .port_info 1 /INPUT 32 "b";
    .port_info 2 /INPUT 3 "op";
    .port_info 3 /OUTPUT 32 "result";
v0x5f1504c28510_0 .net "a", 31 0, L_0x5f1504c532e0;  alias, 1 drivers
v0x5f1504c4c390_0 .net "b", 31 0, L_0x5f1504c53c80;  alias, 1 drivers
v0x5f1504c4c470_0 .net "op", 2 0, v0x5f1504c4cf70_0;  alias, 1 drivers
v0x5f1504c4c530_0 .var "result", 31 0;
E_0x5f1504bc7d80 .event anyedge, v0x5f1504c4c470_0, v0x5f1504c28510_0, v0x5f1504c4c390_0;
S_0x5f1504c4c690 .scope module, "cu_inst" "cu" 3 55, 5 1 0, S_0x5f1504bf6cf0;
 .timescale 0 0;
    .port_info 0 /INPUT 6 "opcode";
    .port_info 1 /OUTPUT 1 "reg_write";
    .port_info 2 /OUTPUT 1 "reg_dst";
    .port_info 3 /OUTPUT 1 "alu_src";
    .port_info 4 /OUTPUT 3 "alu_op";
    .port_info 5 /OUTPUT 1 "mem_write";
    .port_info 6 /OUTPUT 1 "mem_read";
    .port_info 7 /OUTPUT 1 "mem_to_reg";
    .port_info 8 /OUTPUT 1 "branch";
P_0x5f1504c4c890 .param/l "ADD" 1 5 16, C4<000000>;
P_0x5f1504c4c8d0 .param/l "ADDI" 1 5 21, C4<000100>;
P_0x5f1504c4c910 .param/l "AND_" 1 5 18, C4<000010>;
P_0x5f1504c4c950 .param/l "BEQ" 1 5 25, C4<000111>;
P_0x5f1504c4c990 .param/l "LW" 1 5 22, C4<000101>;
P_0x5f1504c4c9d0 .param/l "OR_" 1 5 19, C4<000011>;
P_0x5f1504c4ca10 .param/l "SUB" 1 5 17, C4<000001>;
P_0x5f1504c4ca50 .param/l "SW" 1 5 23, C4<000110>;
v0x5f1504c4cf70_0 .var "alu_op", 2 0;
v0x5f1504c4d050_0 .var "alu_src", 0 0;
v0x5f1504c4d0f0_0 .var "branch", 0 0;
v0x5f1504c4d190_0 .var "mem_read", 0 0;
v0x5f1504c4d250_0 .var "mem_to_reg", 0 0;
v0x5f1504c4d360_0 .var "mem_write", 0 0;
v0x5f1504c4d420_0 .net "opcode", 5 0, L_0x5f1504c526a0;  alias, 1 drivers
v0x5f1504c4d500_0 .var "reg_dst", 0 0;
v0x5f1504c4d5c0_0 .var "reg_write", 0 0;
E_0x5f1504c002e0 .event anyedge, v0x5f1504c4d420_0;
S_0x5f1504c4d7a0 .scope module, "dmem_inst" "dmem" 3 91, 6 1 0, S_0x5f1504bf6cf0;
 .timescale 0 0;
    .port_info 0 /INPUT 1 "clk";
    .port_info 1 /INPUT 1 "we";
    .port_info 2 /INPUT 32 "addr";
    .port_info 3 /INPUT 32 "wd";
    .port_info 4 /OUTPUT 32 "rd";
L_0x5f1504c540a0 .functor BUFZ 32, L_0x5f1504c53dd0, C4<00000000000000000000000000000000>, C4<00000000000000000000000000000000>, C4<00000000000000000000000000000000>;
v0x5f1504c4d950_0 .net *"_ivl_0", 31 0, L_0x5f1504c53dd0;  1 drivers
v0x5f1504c4da50_0 .net *"_ivl_2", 31 0, L_0x5f1504c53f10;  1 drivers
v0x5f1504c4db30_0 .net *"_ivl_4", 29 0, L_0x5f1504c53e70;  1 drivers
L_0x73906c66f0f0 .functor BUFT 1, C4<00>, C4<0>, C4<0>, C4<0>;
v0x5f1504c4dc20_0 .net *"_ivl_6", 1 0, L_0x73906c66f0f0;  1 drivers
v0x5f1504c4dd00_0 .net "addr", 31 0, v0x5f1504c4c530_0;  alias, 1 drivers
v0x5f1504c4de10_0 .net "clk", 0 0, v0x5f1504c52540_0;  alias, 1 drivers
v0x5f1504c4deb0_0 .var/i "i", 31 0;
v0x5f1504c4df90 .array "memory", 255 0, 31 0;
v0x5f1504c4e050_0 .net "rd", 31 0, L_0x5f1504c540a0;  alias, 1 drivers
v0x5f1504c4e130_0 .net "wd", 31 0, L_0x5f1504c535c0;  alias, 1 drivers
v0x5f1504c4e210_0 .net "we", 0 0, v0x5f1504c4d360_0;  alias, 1 drivers
E_0x5f1504c00760 .event posedge, v0x5f1504c4de10_0;
L_0x5f1504c53dd0 .array/port v0x5f1504c4df90, L_0x5f1504c53f10;
L_0x5f1504c53e70 .part v0x5f1504c4c530_0, 2, 30;
L_0x5f1504c53f10 .concat [ 30 2 0 0], L_0x5f1504c53e70, L_0x73906c66f0f0;
S_0x5f1504c4e390 .scope module, "imem_inst" "imem" 3 50, 7 1 0, S_0x5f1504bf6cf0;
 .timescale 0 0;
    .port_info 0 /INPUT 32 "addr";
    .port_info 1 /OUTPUT 32 "instr";
L_0x5f1504c52e70 .functor BUFZ 32, L_0x5f1504c52bc0, C4<00000000000000000000000000000000>, C4<00000000000000000000000000000000>, C4<00000000000000000000000000000000>;
v0x5f1504c4e540_0 .net *"_ivl_0", 31 0, L_0x5f1504c52bc0;  1 drivers
v0x5f1504c4e640_0 .net *"_ivl_2", 31 0, L_0x5f1504c52d30;  1 drivers
v0x5f1504c4e720_0 .net *"_ivl_4", 29 0, L_0x5f1504c52c60;  1 drivers
L_0x73906c66f018 .functor BUFT 1, C4<00>, C4<0>, C4<0>, C4<0>;
v0x5f1504c4e7e0_0 .net *"_ivl_6", 1 0, L_0x73906c66f018;  1 drivers
v0x5f1504c4e8c0_0 .net "addr", 31 0, v0x5f1504c4f030_0;  alias, 1 drivers
v0x5f1504c4e9f0_0 .net "instr", 31 0, L_0x5f1504c52e70;  alias, 1 drivers
v0x5f1504c4ead0 .array "memory", 255 0, 31 0;
L_0x5f1504c52bc0 .array/port v0x5f1504c4ead0, L_0x5f1504c52d30;
L_0x5f1504c52c60 .part v0x5f1504c4f030_0, 2, 30;
L_0x5f1504c52d30 .concat [ 30 2 0 0], L_0x5f1504c52c60, L_0x73906c66f018;
S_0x5f1504c4ebf0 .scope module, "pc_inst" "pc" 3 43, 8 1 0, S_0x5f1504bf6cf0;
 .timescale 0 0;
    .port_info 0 /INPUT 1 "clk";
    .port_info 1 /INPUT 1 "reset";
    .port_info 2 /INPUT 32 "next_pc";
    .port_info 3 /OUTPUT 32 "pc";
v0x5f1504c4eeb0_0 .net "clk", 0 0, v0x5f1504c52540_0;  alias, 1 drivers
v0x5f1504c4ef70_0 .net "next_pc", 31 0, L_0x5f1504c64b10;  alias, 1 drivers
v0x5f1504c4f030_0 .var "pc", 31 0;
v0x5f1504c4f130_0 .net "reset", 0 0, v0x5f1504c525e0_0;  alias, 1 drivers
E_0x5f1504c30de0 .event posedge, v0x5f1504c4f130_0, v0x5f1504c4de10_0;
S_0x5f1504c4f280 .scope module, "regfile_inst" "regfile" 3 69, 9 1 0, S_0x5f1504bf6cf0;
 .timescale 0 0;
    .port_info 0 /INPUT 1 "clk";
    .port_info 1 /INPUT 1 "we";
    .port_info 2 /INPUT 5 "rs1";
    .port_info 3 /INPUT 5 "rs2";
    .port_info 4 /INPUT 5 "rd";
    .port_info 5 /INPUT 32 "wd";
    .port_info 6 /OUTPUT 32 "rd1";
    .port_info 7 /OUTPUT 32 "rd2";
L_0x5f1504c532e0 .functor BUFZ 32, L_0x5f1504c53100, C4<00000000000000000000000000000000>, C4<00000000000000000000000000000000>, C4<00000000000000000000000000000000>;
L_0x5f1504c535c0 .functor BUFZ 32, L_0x5f1504c533a0, C4<00000000000000000000000000000000>, C4<00000000000000000000000000000000>, C4<00000000000000000000000000000000>;
v0x5f1504c4f580_0 .net *"_ivl_0", 31 0, L_0x5f1504c53100;  1 drivers
v0x5f1504c4f680_0 .net *"_ivl_10", 6 0, L_0x5f1504c53440;  1 drivers
L_0x73906c66f0a8 .functor BUFT 1, C4<00>, C4<0>, C4<0>, C4<0>;
v0x5f1504c4f760_0 .net *"_ivl_13", 1 0, L_0x73906c66f0a8;  1 drivers
v0x5f1504c4f820_0 .net *"_ivl_2", 6 0, L_0x5f1504c531a0;  1 drivers
L_0x73906c66f060 .functor BUFT 1, C4<00>, C4<0>, C4<0>, C4<0>;
v0x5f1504c4f900_0 .net *"_ivl_5", 1 0, L_0x73906c66f060;  1 drivers
v0x5f1504c4fa30_0 .net *"_ivl_8", 31 0, L_0x5f1504c533a0;  1 drivers
v0x5f1504c4fb10_0 .net "clk", 0 0, v0x5f1504c52540_0;  alias, 1 drivers
v0x5f1504c4fc00_0 .var/i "i", 31 0;
v0x5f1504c4fce0_0 .net "rd", 4 0, L_0x5f1504c52f30;  alias, 1 drivers
v0x5f1504c4fe50_0 .net "rd1", 31 0, L_0x5f1504c532e0;  alias, 1 drivers
v0x5f1504c4ff10_0 .net "rd2", 31 0, L_0x5f1504c535c0;  alias, 1 drivers
v0x5f1504c4ffb0 .array "regs", 31 0, 31 0;
v0x5f1504c50050_0 .net "rs1", 4 0, L_0x5f1504c527e0;  alias, 1 drivers
v0x5f1504c50130_0 .net "rs2", 4 0, L_0x5f1504c528d0;  alias, 1 drivers
v0x5f1504c50210_0 .net "wd", 31 0, L_0x5f1504c541b0;  alias, 1 drivers
v0x5f1504c502f0_0 .net "we", 0 0, v0x5f1504c4d5c0_0;  alias, 1 drivers
L_0x5f1504c53100 .array/port v0x5f1504c4ffb0, L_0x5f1504c531a0;
L_0x5f1504c531a0 .concat [ 5 2 0 0], L_0x5f1504c527e0, L_0x73906c66f060;
L_0x5f1504c533a0 .array/port v0x5f1504c4ffb0, L_0x5f1504c53440;
L_0x5f1504c53440 .concat [ 5 2 0 0], L_0x5f1504c528d0, L_0x73906c66f0a8;
    .scope S_0x5f1504c4ebf0;
T_0 ;
    %wait E_0x5f1504c30de0;
    %load/vec4 v0x5f1504c4f130_0;
    %flag_set/vec4 8;
    %jmp/0xz  T_0.0, 8;
    %pushi/vec4 0, 0, 32;
    %assign/vec4 v0x5f1504c4f030_0, 0;
    %jmp T_0.1;
T_0.0 ;
    %load/vec4 v0x5f1504c4ef70_0;
    %assign/vec4 v0x5f1504c4f030_0, 0;
T_0.1 ;
    %jmp T_0;
    .thread T_0;
    .scope S_0x5f1504c4e390;
T_1 ;
    %vpi_call 7 8 "$readmemh", "program.mem", v0x5f1504c4ead0 {0 0 0};
    %end;
    .thread T_1;
    .scope S_0x5f1504c4c690;
T_2 ;
    %wait E_0x5f1504c002e0;
    %load/vec4 v0x5f1504c4d420_0;
    %dup/vec4;
    %pushi/vec4 0, 0, 6;
    %cmp/u;
    %jmp/1 T_2.0, 6;
    %dup/vec4;
    %pushi/vec4 1, 0, 6;
    %cmp/u;
    %jmp/1 T_2.1, 6;
    %dup/vec4;
    %pushi/vec4 2, 0, 6;
    %cmp/u;
    %jmp/1 T_2.2, 6;
    %dup/vec4;
    %pushi/vec4 3, 0, 6;
    %cmp/u;
    %jmp/1 T_2.3, 6;
    %dup/vec4;
    %pushi/vec4 4, 0, 6;
    %cmp/u;
    %jmp/1 T_2.4, 6;
    %dup/vec4;
    %pushi/vec4 5, 0, 6;
    %cmp/u;
    %jmp/1 T_2.5, 6;
    %dup/vec4;
    %pushi/vec4 6, 0, 6;
    %cmp/u;
    %jmp/1 T_2.6, 6;
    %dup/vec4;
    %pushi/vec4 7, 0, 6;
    %cmp/u;
    %jmp/1 T_2.7, 6;
    %pushi/vec4 0, 0, 1;
    %store/vec4 v0x5f1504c4d5c0_0, 0, 1;
    %pushi/vec4 0, 0, 1;
    %store/vec4 v0x5f1504c4d500_0, 0, 1;
    %pushi/vec4 0, 0, 1;
    %store/vec4 v0x5f1504c4d050_0, 0, 1;
    %pushi/vec4 0, 0, 3;
    %store/vec4 v0x5f1504c4cf70_0, 0, 3;
    %pushi/vec4 0, 0, 1;
    %store/vec4 v0x5f1504c4d360_0, 0, 1;
    %pushi/vec4 0, 0, 1;
    %store/vec4 v0x5f1504c4d190_0, 0, 1;
    %pushi/vec4 0, 0, 1;
    %store/vec4 v0x5f1504c4d250_0, 0, 1;
    %pushi/vec4 0, 0, 1;
    %store/vec4 v0x5f1504c4d0f0_0, 0, 1;
    %jmp T_2.9;
T_2.0 ;
    %pushi/vec4 1, 0, 1;
    %store/vec4 v0x5f1504c4d5c0_0, 0, 1;
    %pushi/vec4 1, 0, 1;
    %store/vec4 v0x5f1504c4d500_0, 0, 1;
    %pushi/vec4 0, 0, 1;
    %store/vec4 v0x5f1504c4d050_0, 0, 1;
    %pushi/vec4 0, 0, 3;
    %store/vec4 v0x5f1504c4cf70_0, 0, 3;
    %pushi/vec4 0, 0, 1;
    %store/vec4 v0x5f1504c4d360_0, 0, 1;
    %pushi/vec4 0, 0, 1;
    %store/vec4 v0x5f1504c4d190_0, 0, 1;
    %pushi/vec4 0, 0, 1;
    %store/vec4 v0x5f1504c4d250_0, 0, 1;
    %pushi/vec4 0, 0, 1;
    %store/vec4 v0x5f1504c4d0f0_0, 0, 1;
    %jmp T_2.9;
T_2.1 ;
    %pushi/vec4 1, 0, 1;
    %store/vec4 v0x5f1504c4d5c0_0, 0, 1;
    %pushi/vec4 1, 0, 1;
    %store/vec4 v0x5f1504c4d500_0, 0, 1;
    %pushi/vec4 0, 0, 1;
    %store/vec4 v0x5f1504c4d050_0, 0, 1;
    %pushi/vec4 1, 0, 3;
    %store/vec4 v0x5f1504c4cf70_0, 0, 3;
    %pushi/vec4 0, 0, 1;
    %store/vec4 v0x5f1504c4d360_0, 0, 1;
    %pushi/vec4 0, 0, 1;
    %store/vec4 v0x5f1504c4d190_0, 0, 1;
    %pushi/vec4 0, 0, 1;
    %store/vec4 v0x5f1504c4d250_0, 0, 1;
    %pushi/vec4 0, 0, 1;
    %store/vec4 v0x5f1504c4d0f0_0, 0, 1;
    %jmp T_2.9;
T_2.2 ;
    %pushi/vec4 1, 0, 1;
    %store/vec4 v0x5f1504c4d5c0_0, 0, 1;
    %pushi/vec4 1, 0, 1;
    %store/vec4 v0x5f1504c4d500_0, 0, 1;
    %pushi/vec4 0, 0, 1;
    %store/vec4 v0x5f1504c4d050_0, 0, 1;
    %pushi/vec4 2, 0, 3;
    %store/vec4 v0x5f1504c4cf70_0, 0, 3;
    %pushi/vec4 0, 0, 1;
    %store/vec4 v0x5f1504c4d360_0, 0, 1;
    %pushi/vec4 0, 0, 1;
    %store/vec4 v0x5f1504c4d190_0, 0, 1;
    %pushi/vec4 0, 0, 1;
    %store/vec4 v0x5f1504c4d250_0, 0, 1;
    %pushi/vec4 0, 0, 1;
    %store/vec4 v0x5f1504c4d0f0_0, 0, 1;
    %jmp T_2.9;
T_2.3 ;
    %pushi/vec4 1, 0, 1;
    %store/vec4 v0x5f1504c4d5c0_0, 0, 1;
    %pushi/vec4 1, 0, 1;
    %store/vec4 v0x5f1504c4d500_0, 0, 1;
    %pushi/vec4 0, 0, 1;
    %store/vec4 v0x5f1504c4d050_0, 0, 1;
    %pushi/vec4 3, 0, 3;
    %store/vec4 v0x5f1504c4cf70_0, 0, 3;
    %pushi/vec4 0, 0, 1;
    %store/vec4 v0x5f1504c4d360_0, 0, 1;
    %pushi/vec4 0, 0, 1;
    %store/vec4 v0x5f1504c4d190_0, 0, 1;
    %pushi/vec4 0, 0, 1;
    %store/vec4 v0x5f1504c4d250_0, 0, 1;
    %pushi/vec4 0, 0, 1;
    %store/vec4 v0x5f1504c4d0f0_0, 0, 1;
    %jmp T_2.9;
T_2.4 ;
    %pushi/vec4 1, 0, 1;
    %store/vec4 v0x5f1504c4d5c0_0, 0, 1;
    %pushi/vec4 0, 0, 1;
    %store/vec4 v0x5f1504c4d500_0, 0, 1;
    %pushi/vec4 1, 0, 1;
    %store/vec4 v0x5f1504c4d050_0, 0, 1;
    %pushi/vec4 0, 0, 3;
    %store/vec4 v0x5f1504c4cf70_0, 0, 3;
    %pushi/vec4 0, 0, 1;
    %store/vec4 v0x5f1504c4d360_0, 0, 1;
    %pushi/vec4 0, 0, 1;
    %store/vec4 v0x5f1504c4d190_0, 0, 1;
    %pushi/vec4 0, 0, 1;
    %store/vec4 v0x5f1504c4d250_0, 0, 1;
    %pushi/vec4 0, 0, 1;
    %store/vec4 v0x5f1504c4d0f0_0, 0, 1;
    %jmp T_2.9;
T_2.5 ;
    %pushi/vec4 1, 0, 1;
    %store/vec4 v0x5f1504c4d5c0_0, 0, 1;
    %pushi/vec4 0, 0, 1;
    %store/vec4 v0x5f1504c4d500_0, 0, 1;
    %pushi/vec4 1, 0, 1;
    %store/vec4 v0x5f1504c4d050_0, 0, 1;
    %pushi/vec4 0, 0, 3;
    %store/vec4 v0x5f1504c4cf70_0, 0, 3;
    %pushi/vec4 0, 0, 1;
    %store/vec4 v0x5f1504c4d360_0, 0, 1;
    %pushi/vec4 1, 0, 1;
    %store/vec4 v0x5f1504c4d190_0, 0, 1;
    %pushi/vec4 1, 0, 1;
    %store/vec4 v0x5f1504c4d250_0, 0, 1;
    %pushi/vec4 0, 0, 1;
    %store/vec4 v0x5f1504c4d0f0_0, 0, 1;
    %jmp T_2.9;
T_2.6 ;
    %pushi/vec4 0, 0, 1;
    %store/vec4 v0x5f1504c4d5c0_0, 0, 1;
    %pushi/vec4 0, 0, 1;
    %store/vec4 v0x5f1504c4d500_0, 0, 1;
    %pushi/vec4 1, 0, 1;
    %store/vec4 v0x5f1504c4d050_0, 0, 1;
    %pushi/vec4 0, 0, 3;
    %store/vec4 v0x5f1504c4cf70_0, 0, 3;
    %pushi/vec4 1, 0, 1;
    %store/vec4 v0x5f1504c4d360_0, 0, 1;
    %pushi/vec4 0, 0, 1;
    %store/vec4 v0x5f1504c4d190_0, 0, 1;
    %pushi/vec4 0, 0, 1;
    %store/vec4 v0x5f1504c4d250_0, 0, 1;
    %pushi/vec4 0, 0, 1;
    %store/vec4 v0x5f1504c4d0f0_0, 0, 1;
    %jmp T_2.9;
T_2.7 ;
    %pushi/vec4 0, 0, 1;
    %store/vec4 v0x5f1504c4d5c0_0, 0, 1;
    %pushi/vec4 0, 0, 1;
    %store/vec4 v0x5f1504c4d500_0, 0, 1;
    %pushi/vec4 0, 0, 1;
    %store/vec4 v0x5f1504c4d050_0, 0, 1;
    %pushi/vec4 1, 0, 3;
    %store/vec4 v0x5f1504c4cf70_0, 0, 3;
    %pushi/vec4 0, 0, 1;
    %store/vec4 v0x5f1504c4d360_0, 0, 1;
    %pushi/vec4 0, 0, 1;
    %store/vec4 v0x5f1504c4d190_0, 0, 1;
    %pushi/vec4 0, 0, 1;
    %store/vec4 v0x5f1504c4d250_0, 0, 1;
    %pushi/vec4 1, 0, 1;
    %store/vec4 v0x5f1504c4d0f0_0, 0, 1;
    %jmp T_2.9;
T_2.9 ;
    %pop/vec4 1;
    %jmp T_2;
    .thread T_2, $push;
    .scope S_0x5f1504c4f280;
T_3 ;
    %pushi/vec4 0, 0, 32;
    %store/vec4 v0x5f1504c4fc00_0, 0, 32;
T_3.0 ;
    %load/vec4 v0x5f1504c4fc00_0;
    %cmpi/s 32, 0, 32;
    %jmp/0xz T_3.1, 5;
    %pushi/vec4 0, 0, 32;
    %ix/getv/s 4, v0x5f1504c4fc00_0;
    %store/vec4a v0x5f1504c4ffb0, 4, 0;
    ; show_stmt_assign_vector: Get l-value for compressed += operand
    %load/vec4 v0x5f1504c4fc00_0;
    %pushi/vec4 1, 0, 32;
    %add;
    %store/vec4 v0x5f1504c4fc00_0, 0, 32;
    %jmp T_3.0;
T_3.1 ;
    %end;
    .thread T_3;
    .scope S_0x5f1504c4f280;
T_4 ;
    %wait E_0x5f1504c00760;
    %load/vec4 v0x5f1504c502f0_0;
    %flag_set/vec4 9;
    %flag_get/vec4 9;
    %jmp/0 T_4.2, 9;
    %load/vec4 v0x5f1504c4fce0_0;
    %pad/u 32;
    %pushi/vec4 0, 0, 32;
    %cmp/ne;
    %flag_get/vec4 4;
    %and;
T_4.2;
    %flag_set/vec4 8;
    %jmp/0xz  T_4.0, 8;
    %load/vec4 v0x5f1504c50210_0;
    %load/vec4 v0x5f1504c4fce0_0;
    %pad/u 7;
    %ix/vec4 3;
    %ix/load 4, 0, 0; Constant delay
    %assign/vec4/a/d v0x5f1504c4ffb0, 0, 4;
T_4.0 ;
    %jmp T_4;
    .thread T_4;
    .scope S_0x5f1504bf68b0;
T_5 ;
    %wait E_0x5f1504bc7d80;
    %load/vec4 v0x5f1504c4c470_0;
    %dup/vec4;
    %pushi/vec4 0, 0, 3;
    %cmp/u;
    %jmp/1 T_5.0, 6;
    %dup/vec4;
    %pushi/vec4 1, 0, 3;
    %cmp/u;
    %jmp/1 T_5.1, 6;
    %dup/vec4;
    %pushi/vec4 2, 0, 3;
    %cmp/u;
    %jmp/1 T_5.2, 6;
    %dup/vec4;
    %pushi/vec4 3, 0, 3;
    %cmp/u;
    %jmp/1 T_5.3, 6;
    %pushi/vec4 0, 0, 32;
    %store/vec4 v0x5f1504c4c530_0, 0, 32;
    %jmp T_5.5;
T_5.0 ;
    %load/vec4 v0x5f1504c28510_0;
    %load/vec4 v0x5f1504c4c390_0;
    %add;
    %store/vec4 v0x5f1504c4c530_0, 0, 32;
    %jmp T_5.5;
T_5.1 ;
    %load/vec4 v0x5f1504c28510_0;
    %load/vec4 v0x5f1504c4c390_0;
    %sub;
    %store/vec4 v0x5f1504c4c530_0, 0, 32;
    %jmp T_5.5;
T_5.2 ;
    %load/vec4 v0x5f1504c28510_0;
    %load/vec4 v0x5f1504c4c390_0;
    %and;
    %store/vec4 v0x5f1504c4c530_0, 0, 32;
    %jmp T_5.5;
T_5.3 ;
    %load/vec4 v0x5f1504c28510_0;
    %load/vec4 v0x5f1504c4c390_0;
    %or;
    %store/vec4 v0x5f1504c4c530_0, 0, 32;
    %jmp T_5.5;
T_5.5 ;
    %pop/vec4 1;
    %jmp T_5;
    .thread T_5, $push;
    .scope S_0x5f1504c4d7a0;
T_6 ;
    %pushi/vec4 0, 0, 32;
    %store/vec4 v0x5f1504c4deb0_0, 0, 32;
T_6.0 ;
    %load/vec4 v0x5f1504c4deb0_0;
    %cmpi/s 256, 0, 32;
    %jmp/0xz T_6.1, 5;
    %pushi/vec4 0, 0, 32;
    %ix/getv/s 4, v0x5f1504c4deb0_0;
    %store/vec4a v0x5f1504c4df90, 4, 0;
    ; show_stmt_assign_vector: Get l-value for compressed += operand
    %load/vec4 v0x5f1504c4deb0_0;
    %pushi/vec4 1, 0, 32;
    %add;
    %store/vec4 v0x5f1504c4deb0_0, 0, 32;
    %jmp T_6.0;
T_6.1 ;
    %end;
    .thread T_6;
    .scope S_0x5f1504c4d7a0;
T_7 ;
    %wait E_0x5f1504c00760;
    %load/vec4 v0x5f1504c4e210_0;
    %flag_set/vec4 8;
    %jmp/0xz  T_7.0, 8;
    %load/vec4 v0x5f1504c4e130_0;
    %load/vec4 v0x5f1504c4dd00_0;
    %ix/load 4, 2, 0;
    %flag_set/imm 4, 0;
    %shiftr 4;
    %ix/vec4 3;
    %ix/load 4, 0, 0; Constant delay
    %assign/vec4/a/d v0x5f1504c4df90, 0, 4;
T_7.0 ;
    %jmp T_7;
    .thread T_7;
    .scope S_0x5f1504bf7130;
T_8 ;
    %delay 5000, 0;
    %load/vec4 v0x5f1504c52540_0;
    %inv;
    %store/vec4 v0x5f1504c52540_0, 0, 1;
    %jmp T_8;
    .thread T_8;
    .scope S_0x5f1504bf7130;
T_9 ;
    %vpi_call 2 18 "$monitor", "Time=%0t PC=%h", $time, v0x5f1504c51a50_0 {0 0 0};
    %end;
    .thread T_9;
    .scope S_0x5f1504bf7130;
T_10 ;
    %vpi_call 2 23 "$dumpfile", "sim/cpu.vcd" {0 0 0};
    %vpi_call 2 24 "$dumpvars", 32'sb00000000000000000000000000000000, S_0x5f1504bf7130 {0 0 0};
    %pushi/vec4 0, 0, 1;
    %store/vec4 v0x5f1504c52540_0, 0, 1;
    %pushi/vec4 1, 0, 1;
    %store/vec4 v0x5f1504c525e0_0, 0, 1;
    %delay 10000, 0;
    %pushi/vec4 0, 0, 1;
    %store/vec4 v0x5f1504c525e0_0, 0, 1;
    %delay 100000, 0;
    %vpi_call 2 38 "$finish" {0 0 0};
    %end;
    .thread T_10;
# The file index is used to find the file name in the following table.
:file_names 10;
    "N/A";
    "<interactive>";
    "tb/cpu_tb.v";
    "rtl/cpu.v";
    "rtl/alu.v";
    "rtl/cu.v";
    "rtl/dmem.v";
    "rtl/imem.v";
    "rtl/pc.v";
    "rtl/regfile.v";
