#! /usr/bin/vvp
:ivl_version "12.0 (stable)";
:ivl_delay_selection "TYPICAL";
:vpi_time_precision - 12;
:vpi_module "/usr/lib/x86_64-linux-gnu/ivl/system.vpi";
:vpi_module "/usr/lib/x86_64-linux-gnu/ivl/vhdl_sys.vpi";
:vpi_module "/usr/lib/x86_64-linux-gnu/ivl/vhdl_textio.vpi";
:vpi_module "/usr/lib/x86_64-linux-gnu/ivl/v2005_math.vpi";
:vpi_module "/usr/lib/x86_64-linux-gnu/ivl/va_math.vpi";
S_0x5f000274c180 .scope module, "cu_tb" "cu_tb" 2 3;
 .timescale -9 -12;
v0x5f00027663d0_0 .net "alu_op", 2 0, v0x5f00027354a0_0;  1 drivers
v0x5f00027664b0_0 .net "alu_src", 0 0, v0x5f0002765c60_0;  1 drivers
v0x5f0002766580_0 .net "branch", 0 0, v0x5f0002765d20_0;  1 drivers
v0x5f0002766680_0 .net "mem_read", 0 0, v0x5f0002765dc0_0;  1 drivers
v0x5f0002766750_0 .net "mem_to_reg", 0 0, v0x5f0002765e80_0;  1 drivers
v0x5f00027667f0_0 .net "mem_write", 0 0, v0x5f0002765f90_0;  1 drivers
v0x5f00027668c0_0 .var "opcode", 5 0;
v0x5f0002766990_0 .net "reg_dst", 0 0, v0x5f0002766130_0;  1 drivers
v0x5f0002766a60_0 .net "reg_write", 0 0, v0x5f00027661f0_0;  1 drivers
S_0x5f000274c310 .scope module, "uut" "cu" 2 18, 3 1 0, S_0x5f000274c180;
 .timescale 0 0;
    .port_info 0 /INPUT 6 "opcode";
    .port_info 1 /OUTPUT 1 "reg_write";
    .port_info 2 /OUTPUT 1 "reg_dst";
    .port_info 3 /OUTPUT 1 "alu_src";
    .port_info 4 /OUTPUT 3 "alu_op";
    .port_info 5 /OUTPUT 1 "mem_write";
    .port_info 6 /OUTPUT 1 "mem_read";
    .port_info 7 /OUTPUT 1 "mem_to_reg";
    .port_info 8 /OUTPUT 1 "branch";
P_0x5f0002707490 .param/l "ADD" 1 3 16, C4<000000>;
P_0x5f00027074d0 .param/l "ADDI" 1 3 21, C4<000100>;
P_0x5f0002707510 .param/l "AND_" 1 3 18, C4<000010>;
P_0x5f0002707550 .param/l "BEQ" 1 3 25, C4<000111>;
P_0x5f0002707590 .param/l "LW" 1 3 22, C4<000101>;
P_0x5f00027075d0 .param/l "OR_" 1 3 19, C4<000011>;
P_0x5f0002707610 .param/l "SUB" 1 3 17, C4<000001>;
P_0x5f0002707650 .param/l "SW" 1 3 23, C4<000110>;
v0x5f00027354a0_0 .var "alu_op", 2 0;
v0x5f0002765c60_0 .var "alu_src", 0 0;
v0x5f0002765d20_0 .var "branch", 0 0;
v0x5f0002765dc0_0 .var "mem_read", 0 0;
v0x5f0002765e80_0 .var "mem_to_reg", 0 0;
v0x5f0002765f90_0 .var "mem_write", 0 0;
v0x5f0002766050_0 .net "opcode", 5 0, v0x5f00027668c0_0;  1 drivers
v0x5f0002766130_0 .var "reg_dst", 0 0;
v0x5f00027661f0_0 .var "reg_write", 0 0;
E_0x5f0002740bc0 .event anyedge, v0x5f0002766050_0;
    .scope S_0x5f000274c310;
T_0 ;
    %wait E_0x5f0002740bc0;
    %load/vec4 v0x5f0002766050_0;
    %dup/vec4;
    %pushi/vec4 0, 0, 6;
    %cmp/u;
    %jmp/1 T_0.0, 6;
    %dup/vec4;
    %pushi/vec4 1, 0, 6;
    %cmp/u;
    %jmp/1 T_0.1, 6;
    %dup/vec4;
    %pushi/vec4 2, 0, 6;
    %cmp/u;
    %jmp/1 T_0.2, 6;
    %dup/vec4;
    %pushi/vec4 3, 0, 6;
    %cmp/u;
    %jmp/1 T_0.3, 6;
    %dup/vec4;
    %pushi/vec4 4, 0, 6;
    %cmp/u;
    %jmp/1 T_0.4, 6;
    %dup/vec4;
    %pushi/vec4 5, 0, 6;
    %cmp/u;
    %jmp/1 T_0.5, 6;
    %dup/vec4;
    %pushi/vec4 6, 0, 6;
    %cmp/u;
    %jmp/1 T_0.6, 6;
    %dup/vec4;
    %pushi/vec4 7, 0, 6;
    %cmp/u;
    %jmp/1 T_0.7, 6;
    %pushi/vec4 0, 0, 1;
    %store/vec4 v0x5f00027661f0_0, 0, 1;
    %pushi/vec4 0, 0, 1;
    %store/vec4 v0x5f0002766130_0, 0, 1;
    %pushi/vec4 0, 0, 1;
    %store/vec4 v0x5f0002765c60_0, 0, 1;
    %pushi/vec4 0, 0, 3;
    %store/vec4 v0x5f00027354a0_0, 0, 3;
    %pushi/vec4 0, 0, 1;
    %store/vec4 v0x5f0002765f90_0, 0, 1;
    %pushi/vec4 0, 0, 1;
    %store/vec4 v0x5f0002765dc0_0, 0, 1;
    %pushi/vec4 0, 0, 1;
    %store/vec4 v0x5f0002765e80_0, 0, 1;
    %pushi/vec4 0, 0, 1;
    %store/vec4 v0x5f0002765d20_0, 0, 1;
    %jmp T_0.9;
T_0.0 ;
    %pushi/vec4 1, 0, 1;
    %store/vec4 v0x5f00027661f0_0, 0, 1;
    %pushi/vec4 1, 0, 1;
    %store/vec4 v0x5f0002766130_0, 0, 1;
    %pushi/vec4 0, 0, 1;
    %store/vec4 v0x5f0002765c60_0, 0, 1;
    %pushi/vec4 0, 0, 3;
    %store/vec4 v0x5f00027354a0_0, 0, 3;
    %pushi/vec4 0, 0, 1;
    %store/vec4 v0x5f0002765f90_0, 0, 1;
    %pushi/vec4 0, 0, 1;
    %store/vec4 v0x5f0002765dc0_0, 0, 1;
    %pushi/vec4 0, 0, 1;
    %store/vec4 v0x5f0002765e80_0, 0, 1;
    %pushi/vec4 0, 0, 1;
    %store/vec4 v0x5f0002765d20_0, 0, 1;
    %jmp T_0.9;
T_0.1 ;
    %pushi/vec4 1, 0, 1;
    %store/vec4 v0x5f00027661f0_0, 0, 1;
    %pushi/vec4 1, 0, 1;
    %store/vec4 v0x5f0002766130_0, 0, 1;
    %pushi/vec4 0, 0, 1;
    %store/vec4 v0x5f0002765c60_0, 0, 1;
    %pushi/vec4 1, 0, 3;
    %store/vec4 v0x5f00027354a0_0, 0, 3;
    %pushi/vec4 0, 0, 1;
    %store/vec4 v0x5f0002765f90_0, 0, 1;
    %pushi/vec4 0, 0, 1;
    %store/vec4 v0x5f0002765dc0_0, 0, 1;
    %pushi/vec4 0, 0, 1;
    %store/vec4 v0x5f0002765e80_0, 0, 1;
    %pushi/vec4 0, 0, 1;
    %store/vec4 v0x5f0002765d20_0, 0, 1;
    %jmp T_0.9;
T_0.2 ;
    %pushi/vec4 1, 0, 1;
    %store/vec4 v0x5f00027661f0_0, 0, 1;
    %pushi/vec4 1, 0, 1;
    %store/vec4 v0x5f0002766130_0, 0, 1;
    %pushi/vec4 0, 0, 1;
    %store/vec4 v0x5f0002765c60_0, 0, 1;
    %pushi/vec4 2, 0, 3;
    %store/vec4 v0x5f00027354a0_0, 0, 3;
    %pushi/vec4 0, 0, 1;
    %store/vec4 v0x5f0002765f90_0, 0, 1;
    %pushi/vec4 0, 0, 1;
    %store/vec4 v0x5f0002765dc0_0, 0, 1;
    %pushi/vec4 0, 0, 1;
    %store/vec4 v0x5f0002765e80_0, 0, 1;
    %pushi/vec4 0, 0, 1;
    %store/vec4 v0x5f0002765d20_0, 0, 1;
    %jmp T_0.9;
T_0.3 ;
    %pushi/vec4 1, 0, 1;
    %store/vec4 v0x5f00027661f0_0, 0, 1;
    %pushi/vec4 1, 0, 1;
    %store/vec4 v0x5f0002766130_0, 0, 1;
    %pushi/vec4 0, 0, 1;
    %store/vec4 v0x5f0002765c60_0, 0, 1;
    %pushi/vec4 3, 0, 3;
    %store/vec4 v0x5f00027354a0_0, 0, 3;
    %pushi/vec4 0, 0, 1;
    %store/vec4 v0x5f0002765f90_0, 0, 1;
    %pushi/vec4 0, 0, 1;
    %store/vec4 v0x5f0002765dc0_0, 0, 1;
    %pushi/vec4 0, 0, 1;
    %store/vec4 v0x5f0002765e80_0, 0, 1;
    %pushi/vec4 0, 0, 1;
    %store/vec4 v0x5f0002765d20_0, 0, 1;
    %jmp T_0.9;
T_0.4 ;
    %pushi/vec4 1, 0, 1;
    %store/vec4 v0x5f00027661f0_0, 0, 1;
    %pushi/vec4 0, 0, 1;
    %store/vec4 v0x5f0002766130_0, 0, 1;
    %pushi/vec4 1, 0, 1;
    %store/vec4 v0x5f0002765c60_0, 0, 1;
    %pushi/vec4 0, 0, 3;
    %store/vec4 v0x5f00027354a0_0, 0, 3;
    %pushi/vec4 0, 0, 1;
    %store/vec4 v0x5f0002765f90_0, 0, 1;
    %pushi/vec4 0, 0, 1;
    %store/vec4 v0x5f0002765dc0_0, 0, 1;
    %pushi/vec4 0, 0, 1;
    %store/vec4 v0x5f0002765e80_0, 0, 1;
    %pushi/vec4 0, 0, 1;
    %store/vec4 v0x5f0002765d20_0, 0, 1;
    %jmp T_0.9;
T_0.5 ;
    %pushi/vec4 1, 0, 1;
    %store/vec4 v0x5f00027661f0_0, 0, 1;
    %pushi/vec4 0, 0, 1;
    %store/vec4 v0x5f0002766130_0, 0, 1;
    %pushi/vec4 1, 0, 1;
    %store/vec4 v0x5f0002765c60_0, 0, 1;
    %pushi/vec4 0, 0, 3;
    %store/vec4 v0x5f00027354a0_0, 0, 3;
    %pushi/vec4 0, 0, 1;
    %store/vec4 v0x5f0002765f90_0, 0, 1;
    %pushi/vec4 1, 0, 1;
    %store/vec4 v0x5f0002765dc0_0, 0, 1;
    %pushi/vec4 1, 0, 1;
    %store/vec4 v0x5f0002765e80_0, 0, 1;
    %pushi/vec4 0, 0, 1;
    %store/vec4 v0x5f0002765d20_0, 0, 1;
    %jmp T_0.9;
T_0.6 ;
    %pushi/vec4 0, 0, 1;
    %store/vec4 v0x5f00027661f0_0, 0, 1;
    %pushi/vec4 0, 0, 1;
    %store/vec4 v0x5f0002766130_0, 0, 1;
    %pushi/vec4 1, 0, 1;
    %store/vec4 v0x5f0002765c60_0, 0, 1;
    %pushi/vec4 0, 0, 3;
    %store/vec4 v0x5f00027354a0_0, 0, 3;
    %pushi/vec4 1, 0, 1;
    %store/vec4 v0x5f0002765f90_0, 0, 1;
    %pushi/vec4 0, 0, 1;
    %store/vec4 v0x5f0002765dc0_0, 0, 1;
    %pushi/vec4 0, 0, 1;
    %store/vec4 v0x5f0002765e80_0, 0, 1;
    %pushi/vec4 0, 0, 1;
    %store/vec4 v0x5f0002765d20_0, 0, 1;
    %jmp T_0.9;
T_0.7 ;
    %pushi/vec4 0, 0, 1;
    %store/vec4 v0x5f00027661f0_0, 0, 1;
    %pushi/vec4 0, 0, 1;
    %store/vec4 v0x5f0002766130_0, 0, 1;
    %pushi/vec4 0, 0, 1;
    %store/vec4 v0x5f0002765c60_0, 0, 1;
    %pushi/vec4 1, 0, 3;
    %store/vec4 v0x5f00027354a0_0, 0, 3;
    %pushi/vec4 0, 0, 1;
    %store/vec4 v0x5f0002765f90_0, 0, 1;
    %pushi/vec4 0, 0, 1;
    %store/vec4 v0x5f0002765dc0_0, 0, 1;
    %pushi/vec4 0, 0, 1;
    %store/vec4 v0x5f0002765e80_0, 0, 1;
    %pushi/vec4 1, 0, 1;
    %store/vec4 v0x5f0002765d20_0, 0, 1;
    %jmp T_0.9;
T_0.9 ;
    %pop/vec4 1;
    %jmp T_0;
    .thread T_0, $push;
    .scope S_0x5f000274c180;
T_1 ;
    %vpi_call 2 31 "$dumpfile", "sim/cu.vcd" {0 0 0};
    %vpi_call 2 32 "$dumpvars", 32'sb00000000000000000000000000000000, S_0x5f000274c180 {0 0 0};
    %pushi/vec4 0, 0, 6;
    %store/vec4 v0x5f00027668c0_0, 0, 6;
    %delay 10000, 0;
    %pushi/vec4 1, 0, 6;
    %store/vec4 v0x5f00027668c0_0, 0, 6;
    %delay 10000, 0;
    %pushi/vec4 2, 0, 6;
    %store/vec4 v0x5f00027668c0_0, 0, 6;
    %delay 10000, 0;
    %pushi/vec4 3, 0, 6;
    %store/vec4 v0x5f00027668c0_0, 0, 6;
    %delay 10000, 0;
    %pushi/vec4 4, 0, 6;
    %store/vec4 v0x5f00027668c0_0, 0, 6;
    %delay 10000, 0;
    %pushi/vec4 5, 0, 6;
    %store/vec4 v0x5f00027668c0_0, 0, 6;
    %delay 10000, 0;
    %pushi/vec4 6, 0, 6;
    %store/vec4 v0x5f00027668c0_0, 0, 6;
    %delay 10000, 0;
    %pushi/vec4 7, 0, 6;
    %store/vec4 v0x5f00027668c0_0, 0, 6;
    %delay 10000, 0;
    %vpi_call 2 43 "$finish" {0 0 0};
    %end;
    .thread T_1;
# The file index is used to find the file name in the following table.
:file_names 4;
    "N/A";
    "<interactive>";
    "tb/cu_tb.v";
    "rtl/cu.v";
