#! /usr/bin/vvp
:ivl_version "12.0 (stable)";
:ivl_delay_selection "TYPICAL";
:vpi_time_precision - 12;
:vpi_module "/usr/lib/x86_64-linux-gnu/ivl/system.vpi";
:vpi_module "/usr/lib/x86_64-linux-gnu/ivl/vhdl_sys.vpi";
:vpi_module "/usr/lib/x86_64-linux-gnu/ivl/vhdl_textio.vpi";
:vpi_module "/usr/lib/x86_64-linux-gnu/ivl/v2005_math.vpi";
:vpi_module "/usr/lib/x86_64-linux-gnu/ivl/va_math.vpi";
S_0x609c42340320 .scope module, "imem_tb" "imem_tb" 2 3;
 .timescale -9 -12;
v0x609c42367180_0 .var "addr", 31 0;
v0x609c42367240_0 .var "clk", 0 0;
v0x609c423672e0_0 .net "instr", 31 0, L_0x609c42367790;  1 drivers
S_0x609c42352e60 .scope module, "imem_inst" "imem" 2 9, 3 1 0, S_0x609c42340320;
 .timescale 0 0;
    .port_info 0 /INPUT 32 "addr";
    .port_info 1 /OUTPUT 32 "instr";
L_0x609c42367790 .functor BUFZ 32, L_0x609c423673e0, C4<00000000000000000000000000000000>, C4<00000000000000000000000000000000>, C4<00000000000000000000000000000000>;
v0x609c42353040_0 .net *"_ivl_0", 31 0, L_0x609c423673e0;  1 drivers
v0x609c42366bd0_0 .net *"_ivl_2", 31 0, L_0x609c42367600;  1 drivers
v0x609c42366cb0_0 .net *"_ivl_4", 29 0, L_0x609c423674e0;  1 drivers
L_0x73bc029b7018 .functor BUFT 1, C4<00>, C4<0>, C4<0>, C4<0>;
v0x609c42366d70_0 .net *"_ivl_6", 1 0, L_0x73bc029b7018;  1 drivers
v0x609c42366e50_0 .net "addr", 31 0, v0x609c42367180_0;  1 drivers
v0x609c42366f80_0 .net "instr", 31 0, L_0x609c42367790;  alias, 1 drivers
v0x609c42367060 .array "memory", 255 0, 31 0;
L_0x609c423673e0 .array/port v0x609c42367060, L_0x609c42367600;
L_0x609c423674e0 .part v0x609c42367180_0, 2, 30;
L_0x609c42367600 .concat [ 30 2 0 0], L_0x609c423674e0, L_0x73bc029b7018;
    .scope S_0x609c42352e60;
T_0 ;
    %vpi_call 3 8 "$readmemh", "program.mem", v0x609c42367060 {0 0 0};
    %end;
    .thread T_0;
    .scope S_0x609c42340320;
T_1 ;
    %pushi/vec4 1, 0, 1;
    %store/vec4 v0x609c42367240_0, 0, 1;
    %end;
    .thread T_1;
    .scope S_0x609c42340320;
T_2 ;
    %delay 5000, 0;
    %load/vec4 v0x609c42367240_0;
    %inv;
    %store/vec4 v0x609c42367240_0, 0, 1;
    %jmp T_2;
    .thread T_2;
    .scope S_0x609c42340320;
T_3 ;
    %vpi_call 2 14 "$dumpfile", "sim/imem.vcd" {0 0 0};
    %vpi_call 2 15 "$dumpvars", 32'sb00000000000000000000000000000000, S_0x609c42340320 {0 0 0};
    %pushi/vec4 0, 0, 32;
    %store/vec4 v0x609c42367180_0, 0, 32;
    %delay 10000, 0;
    %pushi/vec4 4, 0, 32;
    %store/vec4 v0x609c42367180_0, 0, 32;
    %delay 10000, 0;
    %pushi/vec4 8, 0, 32;
    %store/vec4 v0x609c42367180_0, 0, 32;
    %delay 10000, 0;
    %pushi/vec4 12, 0, 32;
    %store/vec4 v0x609c42367180_0, 0, 32;
    %delay 10000, 0;
    %pushi/vec4 16, 0, 32;
    %store/vec4 v0x609c42367180_0, 0, 32;
    %delay 10000, 0;
    %pushi/vec4 20, 0, 32;
    %store/vec4 v0x609c42367180_0, 0, 32;
    %delay 10000, 0;
    %pushi/vec4 24, 0, 32;
    %store/vec4 v0x609c42367180_0, 0, 32;
    %delay 10000, 0;
    %pushi/vec4 28, 0, 32;
    %store/vec4 v0x609c42367180_0, 0, 32;
    %delay 10000, 0;
    %vpi_call 2 26 "$finish" {0 0 0};
    %end;
    .thread T_3;
# The file index is used to find the file name in the following table.
:file_names 4;
    "N/A";
    "<interactive>";
    "tb/imem_tb.v";
    "rtl/imem.v";
