#! /usr/bin/vvp
:ivl_version "12.0 (stable)";
:ivl_delay_selection "TYPICAL";
:vpi_time_precision - 12;
:vpi_module "/usr/lib/x86_64-linux-gnu/ivl/system.vpi";
:vpi_module "/usr/lib/x86_64-linux-gnu/ivl/vhdl_sys.vpi";
:vpi_module "/usr/lib/x86_64-linux-gnu/ivl/vhdl_textio.vpi";
:vpi_module "/usr/lib/x86_64-linux-gnu/ivl/v2005_math.vpi";
:vpi_module "/usr/lib/x86_64-linux-gnu/ivl/va_math.vpi";
S_0x6187a03514f0 .scope module, "regfile_tb" "regfile_tb" 2 3;
 .timescale -9 -12;
v0x6187a036a5d0_0 .var "clk", 0 0;
v0x6187a036a690_0 .var "rd", 4 0;
v0x6187a036a760_0 .net "rd1", 31 0, L_0x6187a036aed0;  1 drivers
v0x6187a036a860_0 .net "rd2", 31 0, L_0x6187a036b240;  1 drivers
v0x6187a036a930_0 .var "rs1", 4 0;
v0x6187a036a9d0_0 .var "rs2", 4 0;
v0x6187a036aaa0_0 .var "wd", 31 0;
v0x6187a036ab70_0 .var "we", 0 0;
S_0x6187a0351680 .scope module, "regfile_inst" "regfile" 2 11, 3 1 0, S_0x6187a03514f0;
 .timescale 0 0;
    .port_info 0 /INPUT 1 "clk";
    .port_info 1 /INPUT 1 "we";
    .port_info 2 /INPUT 5 "rs1";
    .port_info 3 /INPUT 5 "rs2";
    .port_info 4 /INPUT 5 "rd";
    .port_info 5 /INPUT 32 "wd";
    .port_info 6 /OUTPUT 32 "rd1";
    .port_info 7 /OUTPUT 32 "rd2";
L_0x6187a036aed0 .functor BUFZ 32, L_0x6187a036ac40, C4<00000000000000000000000000000000>, C4<00000000000000000000000000000000>, C4<00000000000000000000000000000000>;
L_0x6187a036b240 .functor BUFZ 32, L_0x6187a036afe0, C4<00000000000000000000000000000000>, C4<00000000000000000000000000000000>, C4<00000000000000000000000000000000>;
v0x6187a0316490_0 .net *"_ivl_0", 31 0, L_0x6187a036ac40;  1 drivers
v0x6187a03698c0_0 .net *"_ivl_10", 6 0, L_0x6187a036b080;  1 drivers
L_0x78c9aeb86060 .functor BUFT 1, C4<00>, C4<0>, C4<0>, C4<0>;
v0x6187a03699a0_0 .net *"_ivl_13", 1 0, L_0x78c9aeb86060;  1 drivers
v0x6187a0369a60_0 .net *"_ivl_2", 6 0, L_0x6187a036ad40;  1 drivers
L_0x78c9aeb86018 .functor BUFT 1, C4<00>, C4<0>, C4<0>, C4<0>;
v0x6187a0369b40_0 .net *"_ivl_5", 1 0, L_0x78c9aeb86018;  1 drivers
v0x6187a0369c70_0 .net *"_ivl_8", 31 0, L_0x6187a036afe0;  1 drivers
v0x6187a0369d50_0 .net "clk", 0 0, v0x6187a036a5d0_0;  1 drivers
v0x6187a0369e10_0 .net "rd", 4 0, v0x6187a036a690_0;  1 drivers
v0x6187a0369ef0_0 .net "rd1", 31 0, L_0x6187a036aed0;  alias, 1 drivers
v0x6187a0369fd0_0 .net "rd2", 31 0, L_0x6187a036b240;  alias, 1 drivers
v0x6187a036a0b0 .array "regs", 31 0, 31 0;
v0x6187a036a170_0 .net "rs1", 4 0, v0x6187a036a930_0;  1 drivers
v0x6187a036a250_0 .net "rs2", 4 0, v0x6187a036a9d0_0;  1 drivers
v0x6187a036a330_0 .net "wd", 31 0, v0x6187a036aaa0_0;  1 drivers
v0x6187a036a410_0 .net "we", 0 0, v0x6187a036ab70_0;  1 drivers
E_0x6187a0316f50 .event posedge, v0x6187a0369d50_0;
L_0x6187a036ac40 .array/port v0x6187a036a0b0, L_0x6187a036ad40;
L_0x6187a036ad40 .concat [ 5 2 0 0], v0x6187a036a930_0, L_0x78c9aeb86018;
L_0x6187a036afe0 .array/port v0x6187a036a0b0, L_0x6187a036b080;
L_0x6187a036b080 .concat [ 5 2 0 0], v0x6187a036a9d0_0, L_0x78c9aeb86060;
    .scope S_0x6187a0351680;
T_0 ;
    %wait E_0x6187a0316f50;
    %load/vec4 v0x6187a036a410_0;
    %flag_set/vec4 8;
    %jmp/0xz  T_0.0, 8;
    %load/vec4 v0x6187a036a330_0;
    %load/vec4 v0x6187a0369e10_0;
    %pad/u 7;
    %ix/vec4 3;
    %ix/load 4, 0, 0; Constant delay
    %assign/vec4/a/d v0x6187a036a0b0, 0, 4;
T_0.0 ;
    %jmp T_0;
    .thread T_0;
    .scope S_0x6187a03514f0;
T_1 ;
    %pushi/vec4 0, 0, 1;
    %store/vec4 v0x6187a036a5d0_0, 0, 1;
    %pushi/vec4 0, 0, 1;
    %store/vec4 v0x6187a036ab70_0, 0, 1;
    %end;
    .thread T_1;
    .scope S_0x6187a03514f0;
T_2 ;
    %delay 5000, 0;
    %load/vec4 v0x6187a036a5d0_0;
    %inv;
    %store/vec4 v0x6187a036a5d0_0, 0, 1;
    %jmp T_2;
    .thread T_2;
    .scope S_0x6187a03514f0;
T_3 ;
    %vpi_call 2 16 "$dumpfile", "sim/regfile.vcd" {0 0 0};
    %vpi_call 2 17 "$dumpvars", 32'sb00000000000000000000000000000000, S_0x6187a03514f0 {0 0 0};
    %pushi/vec4 1, 0, 1;
    %store/vec4 v0x6187a036ab70_0, 0, 1;
    %pushi/vec4 0, 0, 5;
    %store/vec4 v0x6187a036a690_0, 0, 5;
    %pushi/vec4 10, 0, 32;
    %store/vec4 v0x6187a036aaa0_0, 0, 32;
    %delay 10000, 0;
    %pushi/vec4 1, 0, 1;
    %store/vec4 v0x6187a036ab70_0, 0, 1;
    %pushi/vec4 1, 0, 5;
    %store/vec4 v0x6187a036a690_0, 0, 5;
    %pushi/vec4 170, 0, 32;
    %store/vec4 v0x6187a036aaa0_0, 0, 32;
    %delay 10000, 0;
    %pushi/vec4 1, 0, 1;
    %store/vec4 v0x6187a036ab70_0, 0, 1;
    %pushi/vec4 2, 0, 5;
    %store/vec4 v0x6187a036a690_0, 0, 5;
    %pushi/vec4 2730, 0, 32;
    %store/vec4 v0x6187a036aaa0_0, 0, 32;
    %delay 10000, 0;
    %pushi/vec4 1, 0, 1;
    %store/vec4 v0x6187a036ab70_0, 0, 1;
    %pushi/vec4 3, 0, 5;
    %store/vec4 v0x6187a036a690_0, 0, 5;
    %pushi/vec4 43690, 0, 32;
    %store/vec4 v0x6187a036aaa0_0, 0, 32;
    %delay 10000, 0;
    %pushi/vec4 0, 0, 1;
    %store/vec4 v0x6187a036ab70_0, 0, 1;
    %pushi/vec4 0, 0, 5;
    %store/vec4 v0x6187a036a930_0, 0, 5;
    %pushi/vec4 1, 0, 5;
    %store/vec4 v0x6187a036a9d0_0, 0, 5;
    %delay 10000, 0;
    %pushi/vec4 0, 0, 1;
    %store/vec4 v0x6187a036ab70_0, 0, 1;
    %pushi/vec4 2, 0, 5;
    %store/vec4 v0x6187a036a930_0, 0, 5;
    %pushi/vec4 3, 0, 5;
    %store/vec4 v0x6187a036a9d0_0, 0, 5;
    %delay 10000, 0;
    %vpi_call 2 26 "$finish" {0 0 0};
    %end;
    .thread T_3;
# The file index is used to find the file name in the following table.
:file_names 4;
    "N/A";
    "<interactive>";
    "tb/regfile_tb.v";
    "rtl/regfile.v";
