#! /usr/bin/vvp
:ivl_version "12.0 (stable)";
:ivl_delay_selection "TYPICAL";
:vpi_time_precision - 12;
:vpi_module "/usr/lib/x86_64-linux-gnu/ivl/system.vpi";
:vpi_module "/usr/lib/x86_64-linux-gnu/ivl/vhdl_sys.vpi";
:vpi_module "/usr/lib/x86_64-linux-gnu/ivl/vhdl_textio.vpi";
:vpi_module "/usr/lib/x86_64-linux-gnu/ivl/v2005_math.vpi";
:vpi_module "/usr/lib/x86_64-linux-gnu/ivl/va_math.vpi";
S_0x60198f9ec0a0 .scope module, "top_module_tb" "top_module_tb" 2 3;
 .timescale -9 -12;
v0x60198fa12d10_0 .var "clk", 0 0;
v0x60198fa12db0_0 .var "reset", 0 0;
S_0x60198f9eb620 .scope module, "uut" "top_module" 2 8, 3 1 0, S_0x60198f9ec0a0;
 .timescale 0 0;
    .port_info 0 /INPUT 1 "clk";
    .port_info 1 /INPUT 1 "reset";
v0x60198fa12470_0 .net "clk", 0 0, v0x60198fa12d10_0;  1 drivers
v0x60198fa125a0_0 .net "dmem_addr", 31 0, L_0x60198fa24750;  1 drivers
v0x60198fa12660_0 .net "dmem_rd", 31 0, L_0x60198fa25240;  1 drivers
v0x60198fa12750_0 .net "dmem_wd", 31 0, L_0x60198fa24ce0;  1 drivers
v0x60198fa12860_0 .net "dmem_we", 0 0, L_0x60198fa24500;  1 drivers
v0x60198fa129a0_0 .net "imem_addr", 31 0, L_0x60198fa24d50;  1 drivers
v0x60198fa12ab0_0 .net "instr", 31 0, L_0x60198fa25650;  1 drivers
v0x60198fa12bc0_0 .net "reset", 0 0, v0x60198fa12db0_0;  1 drivers
S_0x60198f9eb9a0 .scope module, "cpu_inst" "cpu" 3 16, 4 1 0, S_0x60198f9eb620;
 .timescale 0 0;
    .port_info 0 /INPUT 1 "clk";
    .port_info 1 /INPUT 1 "reset";
    .port_info 2 /INPUT 32 "instr";
    .port_info 3 /OUTPUT 32 "imem_addr";
    .port_info 4 /INPUT 32 "dmem_rd";
    .port_info 5 /OUTPUT 32 "dmem_addr";
    .port_info 6 /OUTPUT 32 "dmem_wd";
    .port_info 7 /OUTPUT 1 "dmem_we";
L_0x60198fa24350 .functor AND 1, v0x60198fa0cce0_0, L_0x60198fa24210, C4<1>, C4<1>;
L_0x60198fa24500 .functor BUFZ 1, v0x60198fa0cf50_0, C4<0>, C4<0>, C4<0>;
L_0x60198fa24750 .functor BUFZ 32, v0x60198fa0c120_0, C4<00000000000000000000000000000000>, C4<00000000000000000000000000000000>, C4<00000000000000000000000000000000>;
L_0x60198fa24ce0 .functor BUFZ 32, L_0x60198fa13950, C4<00000000000000000000000000000000>, C4<00000000000000000000000000000000>, C4<00000000000000000000000000000000>;
L_0x60198fa24d50 .functor BUFZ 32, v0x60198fa0d770_0, C4<00000000000000000000000000000000>, C4<00000000000000000000000000000000>, C4<00000000000000000000000000000000>;
v0x60198fa0eba0_0 .net *"_ivl_13", 0 0, L_0x60198fa13a60;  1 drivers
v0x60198fa0eca0_0 .net *"_ivl_14", 15 0, L_0x60198fa13b50;  1 drivers
L_0x71de2b5580a8 .functor BUFT 1, C4<00000000000000000000000000000000>, C4<0>, C4<0>, C4<0>;
v0x60198fa0ed80_0 .net/2u *"_ivl_20", 31 0, L_0x71de2b5580a8;  1 drivers
v0x60198fa0ee70_0 .net *"_ivl_22", 0 0, L_0x60198fa24210;  1 drivers
v0x60198fa0ef30_0 .net *"_ivl_26", 31 0, L_0x60198fa24570;  1 drivers
v0x60198fa0f010_0 .net *"_ivl_28", 29 0, L_0x60198fa24460;  1 drivers
L_0x71de2b5580f0 .functor BUFT 1, C4<00>, C4<0>, C4<0>, C4<0>;
v0x60198fa0f0f0_0 .net *"_ivl_30", 1 0, L_0x71de2b5580f0;  1 drivers
v0x60198fa0f1d0_0 .net *"_ivl_32", 31 0, L_0x60198fa246b0;  1 drivers
L_0x71de2b558138 .functor BUFT 1, C4<00000000000000000000000000000100>, C4<0>, C4<0>, C4<0>;
v0x60198fa0f2b0_0 .net/2u *"_ivl_34", 31 0, L_0x71de2b558138;  1 drivers
v0x60198fa0f420_0 .net *"_ivl_36", 31 0, L_0x60198fa24930;  1 drivers
v0x60198fa0f500_0 .net "alu_in2", 31 0, L_0x60198fa14060;  1 drivers
v0x60198fa0f5c0_0 .net "alu_op", 2 0, v0x60198fa0cb60_0;  1 drivers
v0x60198fa0f660_0 .net "alu_result", 31 0, v0x60198fa0c120_0;  1 drivers
v0x60198fa0f720_0 .net "alu_src", 0 0, v0x60198fa0cc40_0;  1 drivers
v0x60198fa0f7f0_0 .net "branch", 0 0, v0x60198fa0cce0_0;  1 drivers
v0x60198fa0f8c0_0 .net "branch_taken", 0 0, L_0x60198fa24350;  1 drivers
v0x60198fa0f960_0 .net "clk", 0 0, v0x60198fa12d10_0;  alias, 1 drivers
v0x60198fa0fa50_0 .net "dmem_addr", 31 0, L_0x60198fa24750;  alias, 1 drivers
v0x60198fa0faf0_0 .net "dmem_rd", 31 0, L_0x60198fa25240;  alias, 1 drivers
v0x60198fa0fbd0_0 .net "dmem_wd", 31 0, L_0x60198fa24ce0;  alias, 1 drivers
v0x60198fa0fcb0_0 .net "dmem_we", 0 0, L_0x60198fa24500;  alias, 1 drivers
v0x60198fa0fd70_0 .net "imem_addr", 31 0, L_0x60198fa24d50;  alias, 1 drivers
v0x60198fa0fe50_0 .net "imm", 15 0, L_0x60198fa13220;  1 drivers
v0x60198fa0ff30_0 .net "imm_ext", 31 0, L_0x60198fa13fc0;  1 drivers
v0x60198fa10010_0 .net "instr", 31 0, L_0x60198fa25650;  alias, 1 drivers
v0x60198fa100f0_0 .net "mem_read", 0 0, v0x60198fa0cd80_0;  1 drivers
v0x60198fa10190_0 .net "mem_to_reg", 0 0, v0x60198fa0ce40_0;  1 drivers
v0x60198fa10260_0 .net "mem_write", 0 0, v0x60198fa0cf50_0;  1 drivers
v0x60198fa10330_0 .net "next_pc", 31 0, L_0x60198fa24a20;  1 drivers
v0x60198fa10400_0 .net "opcode", 5 0, L_0x60198fa12e70;  1 drivers
v0x60198fa104d0_0 .net "pc", 31 0, v0x60198fa0d770_0;  1 drivers
v0x60198fa105a0_0 .net "rd", 4 0, L_0x60198fa13180;  1 drivers
v0x60198fa10640_0 .net "reg_data1", 31 0, L_0x60198fa13670;  1 drivers
v0x60198fa10940_0 .net "reg_data2", 31 0, L_0x60198fa13950;  1 drivers
v0x60198fa10a00_0 .net "reg_dst", 0 0, v0x60198fa0d0f0_0;  1 drivers
v0x60198fa10ad0_0 .net "reg_write", 0 0, v0x60198fa0d1b0_0;  1 drivers
v0x60198fa10bc0_0 .net "reset", 0 0, v0x60198fa12db0_0;  alias, 1 drivers
v0x60198fa10c60_0 .net "rs1", 4 0, L_0x60198fa12f60;  1 drivers
v0x60198fa10d30_0 .net "rs2", 4 0, L_0x60198fa130e0;  1 drivers
v0x60198fa10e00_0 .net "write_data", 31 0, L_0x60198fa24e50;  1 drivers
v0x60198fa10ed0_0 .net "write_reg", 4 0, L_0x60198fa132c0;  1 drivers
L_0x60198fa12e70 .part L_0x60198fa25650, 26, 6;
L_0x60198fa12f60 .part L_0x60198fa25650, 21, 5;
L_0x60198fa130e0 .part L_0x60198fa25650, 16, 5;
L_0x60198fa13180 .part L_0x60198fa25650, 11, 5;
L_0x60198fa13220 .part L_0x60198fa25650, 0, 16;
L_0x60198fa132c0 .functor MUXZ 5, L_0x60198fa130e0, L_0x60198fa13180, v0x60198fa0d0f0_0, C4<>;
L_0x60198fa13a60 .part L_0x60198fa13220, 15, 1;
LS_0x60198fa13b50_0_0 .concat [ 1 1 1 1], L_0x60198fa13a60, L_0x60198fa13a60, L_0x60198fa13a60, L_0x60198fa13a60;
LS_0x60198fa13b50_0_4 .concat [ 1 1 1 1], L_0x60198fa13a60, L_0x60198fa13a60, L_0x60198fa13a60, L_0x60198fa13a60;
LS_0x60198fa13b50_0_8 .concat [ 1 1 1 1], L_0x60198fa13a60, L_0x60198fa13a60, L_0x60198fa13a60, L_0x60198fa13a60;
LS_0x60198fa13b50_0_12 .concat [ 1 1 1 1], L_0x60198fa13a60, L_0x60198fa13a60, L_0x60198fa13a60, L_0x60198fa13a60;
L_0x60198fa13b50 .concat [ 4 4 4 4], LS_0x60198fa13b50_0_0, LS_0x60198fa13b50_0_4, LS_0x60198fa13b50_0_8, LS_0x60198fa13b50_0_12;
L_0x60198fa13fc0 .concat [ 16 16 0 0], L_0x60198fa13220, L_0x60198fa13b50;
L_0x60198fa14060 .functor MUXZ 32, L_0x60198fa13950, L_0x60198fa13fc0, v0x60198fa0cc40_0, C4<>;
L_0x60198fa24210 .cmp/eq 32, v0x60198fa0c120_0, L_0x71de2b5580a8;
L_0x60198fa24460 .part L_0x60198fa13fc0, 0, 30;
L_0x60198fa24570 .concat [ 2 30 0 0], L_0x71de2b5580f0, L_0x60198fa24460;
L_0x60198fa246b0 .arith/sum 32, v0x60198fa0d770_0, L_0x60198fa24570;
L_0x60198fa24930 .arith/sum 32, v0x60198fa0d770_0, L_0x71de2b558138;
L_0x60198fa24a20 .functor MUXZ 32, L_0x60198fa24930, L_0x60198fa246b0, L_0x60198fa24350, C4<>;
L_0x60198fa24e50 .functor MUXZ 32, v0x60198fa0c120_0, L_0x60198fa25240, v0x60198fa0ce40_0, C4<>;
S_0x60198f9ebd20 .scope module, "alu_inst" "alu" 4 84, 5 1 0, S_0x60198f9eb9a0;
 .timescale 0 0;
    .port_info 0 /INPUT 32 "a";
    .port_info 1 /INPUT 32 "b";
    .port_info 2 /INPUT 3 "op";
    .port_info 3 /OUTPUT 32 "result";
v0x60198f9ee8f0_0 .net "a", 31 0, L_0x60198fa13670;  alias, 1 drivers
v0x60198fa0bf80_0 .net "b", 31 0, L_0x60198fa14060;  alias, 1 drivers
v0x60198fa0c060_0 .net "op", 2 0, v0x60198fa0cb60_0;  alias, 1 drivers
v0x60198fa0c120_0 .var "result", 31 0;
E_0x60198f981d80 .event anyedge, v0x60198fa0c060_0, v0x60198f9ee8f0_0, v0x60198fa0bf80_0;
S_0x60198fa0c280 .scope module, "cu_inst" "cu" 4 55, 6 1 0, S_0x60198f9eb9a0;
 .timescale 0 0;
    .port_info 0 /INPUT 6 "opcode";
    .port_info 1 /OUTPUT 1 "reg_write";
    .port_info 2 /OUTPUT 1 "reg_dst";
    .port_info 3 /OUTPUT 1 "alu_src";
    .port_info 4 /OUTPUT 3 "alu_op";
    .port_info 5 /OUTPUT 1 "mem_write";
    .port_info 6 /OUTPUT 1 "mem_read";
    .port_info 7 /OUTPUT 1 "mem_to_reg";
    .port_info 8 /OUTPUT 1 "branch";
P_0x60198fa0c480 .param/l "ADD" 1 6 16, C4<000000>;
P_0x60198fa0c4c0 .param/l "ADDI" 1 6 21, C4<000100>;
P_0x60198fa0c500 .param/l "AND_" 1 6 18, C4<000010>;
P_0x60198fa0c540 .param/l "BEQ" 1 6 25, C4<000111>;
P_0x60198fa0c580 .param/l "LW" 1 6 22, C4<000101>;
P_0x60198fa0c5c0 .param/l "OR_" 1 6 19, C4<000011>;
P_0x60198fa0c600 .param/l "SUB" 1 6 17, C4<000001>;
P_0x60198fa0c640 .param/l "SW" 1 6 23, C4<000110>;
v0x60198fa0cb60_0 .var "alu_op", 2 0;
v0x60198fa0cc40_0 .var "alu_src", 0 0;
v0x60198fa0cce0_0 .var "branch", 0 0;
v0x60198fa0cd80_0 .var "mem_read", 0 0;
v0x60198fa0ce40_0 .var "mem_to_reg", 0 0;
v0x60198fa0cf50_0 .var "mem_write", 0 0;
v0x60198fa0d010_0 .net "opcode", 5 0, L_0x60198fa12e70;  alias, 1 drivers
v0x60198fa0d0f0_0 .var "reg_dst", 0 0;
v0x60198fa0d1b0_0 .var "reg_write", 0 0;
E_0x60198f9ba2e0 .event anyedge, v0x60198fa0d010_0;
S_0x60198fa0d390 .scope module, "pc_inst" "pc" 4 48, 7 1 0, S_0x60198f9eb9a0;
 .timescale 0 0;
    .port_info 0 /INPUT 1 "clk";
    .port_info 1 /INPUT 1 "reset";
    .port_info 2 /INPUT 32 "next_pc";
    .port_info 3 /OUTPUT 32 "pc";
v0x60198fa0d5b0_0 .net "clk", 0 0, v0x60198fa12d10_0;  alias, 1 drivers
v0x60198fa0d690_0 .net "next_pc", 31 0, L_0x60198fa24a20;  alias, 1 drivers
v0x60198fa0d770_0 .var "pc", 31 0;
v0x60198fa0d860_0 .net "reset", 0 0, v0x60198fa12db0_0;  alias, 1 drivers
E_0x60198f9ba760 .event posedge, v0x60198fa0d860_0, v0x60198fa0d5b0_0;
S_0x60198fa0d9d0 .scope module, "regfile_inst" "regfile" 4 69, 8 1 0, S_0x60198f9eb9a0;
 .timescale 0 0;
    .port_info 0 /INPUT 1 "clk";
    .port_info 1 /INPUT 1 "we";
    .port_info 2 /INPUT 5 "rs1";
    .port_info 3 /INPUT 5 "rs2";
    .port_info 4 /INPUT 5 "rd";
    .port_info 5 /INPUT 32 "wd";
    .port_info 6 /OUTPUT 32 "rd1";
    .port_info 7 /OUTPUT 32 "rd2";
L_0x60198fa13670 .functor BUFZ 32, L_0x60198fa13490, C4<00000000000000000000000000000000>, C4<00000000000000000000000000000000>, C4<00000000000000000000000000000000>;
L_0x60198fa13950 .functor BUFZ 32, L_0x60198fa13730, C4<00000000000000000000000000000000>, C4<00000000000000000000000000000000>, C4<00000000000000000000000000000000>;
v0x60198fa0dd10_0 .net *"_ivl_0", 31 0, L_0x60198fa13490;  1 drivers
v0x60198fa0de10_0 .net *"_ivl_10", 6 0, L_0x60198fa137d0;  1 drivers
L_0x71de2b558060 .functor BUFT 1, C4<00>, C4<0>, C4<0>, C4<0>;
v0x60198fa0def0_0 .net *"_ivl_13", 1 0, L_0x71de2b558060;  1 drivers
v0x60198fa0dfb0_0 .net *"_ivl_2", 6 0, L_0x60198fa13530;  1 drivers
L_0x71de2b558018 .functor BUFT 1, C4<00>, C4<0>, C4<0>, C4<0>;
v0x60198fa0e090_0 .net *"_ivl_5", 1 0, L_0x71de2b558018;  1 drivers
v0x60198fa0e1c0_0 .net *"_ivl_8", 31 0, L_0x60198fa13730;  1 drivers
v0x60198fa0e2a0_0 .net "clk", 0 0, v0x60198fa12d10_0;  alias, 1 drivers
v0x60198fa0e340_0 .var/i "i", 31 0;
v0x60198fa0e400_0 .net "rd", 4 0, L_0x60198fa132c0;  alias, 1 drivers
v0x60198fa0e4e0_0 .net "rd1", 31 0, L_0x60198fa13670;  alias, 1 drivers
v0x60198fa0e5d0_0 .net "rd2", 31 0, L_0x60198fa13950;  alias, 1 drivers
v0x60198fa0e690 .array "regs", 31 0, 31 0;
v0x60198fa0e750_0 .net "rs1", 4 0, L_0x60198fa12f60;  alias, 1 drivers
v0x60198fa0e830_0 .net "rs2", 4 0, L_0x60198fa130e0;  alias, 1 drivers
v0x60198fa0e910_0 .net "wd", 31 0, L_0x60198fa24e50;  alias, 1 drivers
v0x60198fa0e9f0_0 .net "we", 0 0, v0x60198fa0d1b0_0;  alias, 1 drivers
E_0x60198f9a53d0 .event posedge, v0x60198fa0d5b0_0;
L_0x60198fa13490 .array/port v0x60198fa0e690, L_0x60198fa13530;
L_0x60198fa13530 .concat [ 5 2 0 0], L_0x60198fa12f60, L_0x71de2b558018;
L_0x60198fa13730 .array/port v0x60198fa0e690, L_0x60198fa137d0;
L_0x60198fa137d0 .concat [ 5 2 0 0], L_0x60198fa130e0, L_0x71de2b558060;
S_0x60198fa11090 .scope module, "dmem_inst" "dmem" 3 27, 9 1 0, S_0x60198f9eb620;
 .timescale 0 0;
    .port_info 0 /INPUT 1 "clk";
    .port_info 1 /INPUT 1 "we";
    .port_info 2 /INPUT 32 "addr";
    .port_info 3 /INPUT 32 "wd";
    .port_info 4 /OUTPUT 32 "rd";
L_0x60198fa25240 .functor BUFZ 32, L_0x60198fa24f80, C4<00000000000000000000000000000000>, C4<00000000000000000000000000000000>, C4<00000000000000000000000000000000>;
v0x60198fa11270_0 .net *"_ivl_0", 31 0, L_0x60198fa24f80;  1 drivers
v0x60198fa11350_0 .net *"_ivl_2", 31 0, L_0x60198fa25150;  1 drivers
v0x60198fa11430_0 .net *"_ivl_4", 29 0, L_0x60198fa25020;  1 drivers
L_0x71de2b558180 .functor BUFT 1, C4<00>, C4<0>, C4<0>, C4<0>;
v0x60198fa11520_0 .net *"_ivl_6", 1 0, L_0x71de2b558180;  1 drivers
v0x60198fa11600_0 .net "addr", 31 0, L_0x60198fa24750;  alias, 1 drivers
v0x60198fa11710_0 .net "clk", 0 0, v0x60198fa12d10_0;  alias, 1 drivers
v0x60198fa117b0_0 .var/i "i", 31 0;
v0x60198fa11870 .array "memory", 255 0, 31 0;
v0x60198fa11930_0 .net "rd", 31 0, L_0x60198fa25240;  alias, 1 drivers
v0x60198fa11a20_0 .net "wd", 31 0, L_0x60198fa24ce0;  alias, 1 drivers
v0x60198fa11af0_0 .net "we", 0 0, L_0x60198fa24500;  alias, 1 drivers
L_0x60198fa24f80 .array/port v0x60198fa11870, L_0x60198fa25150;
L_0x60198fa25020 .part L_0x60198fa24750, 2, 30;
L_0x60198fa25150 .concat [ 30 2 0 0], L_0x60198fa25020, L_0x71de2b558180;
S_0x60198fa11c50 .scope module, "imem_inst" "imem" 3 35, 10 1 0, S_0x60198f9eb620;
 .timescale 0 0;
    .port_info 0 /INPUT 32 "addr";
    .port_info 1 /OUTPUT 32 "instr";
L_0x60198fa25650 .functor BUFZ 32, L_0x60198fa25340, C4<00000000000000000000000000000000>, C4<00000000000000000000000000000000>, C4<00000000000000000000000000000000>;
v0x60198fa11de0_0 .net *"_ivl_0", 31 0, L_0x60198fa25340;  1 drivers
v0x60198fa11ee0_0 .net *"_ivl_2", 31 0, L_0x60198fa25510;  1 drivers
v0x60198fa11fc0_0 .net *"_ivl_4", 29 0, L_0x60198fa253e0;  1 drivers
L_0x71de2b5581c8 .functor BUFT 1, C4<00>, C4<0>, C4<0>, C4<0>;
v0x60198fa120b0_0 .net *"_ivl_6", 1 0, L_0x71de2b5581c8;  1 drivers
v0x60198fa12190_0 .net "addr", 31 0, L_0x60198fa24d50;  alias, 1 drivers
v0x60198fa122a0_0 .net "instr", 31 0, L_0x60198fa25650;  alias, 1 drivers
v0x60198fa12370 .array "memory", 255 0, 31 0;
L_0x60198fa25340 .array/port v0x60198fa12370, L_0x60198fa25510;
L_0x60198fa253e0 .part L_0x60198fa24d50, 2, 30;
L_0x60198fa25510 .concat [ 30 2 0 0], L_0x60198fa253e0, L_0x71de2b5581c8;
    .scope S_0x60198fa0d390;
T_0 ;
    %wait E_0x60198f9ba760;
    %load/vec4 v0x60198fa0d860_0;
    %flag_set/vec4 8;
    %jmp/0xz  T_0.0, 8;
    %pushi/vec4 0, 0, 32;
    %assign/vec4 v0x60198fa0d770_0, 0;
    %jmp T_0.1;
T_0.0 ;
    %load/vec4 v0x60198fa0d690_0;
    %assign/vec4 v0x60198fa0d770_0, 0;
T_0.1 ;
    %jmp T_0;
    .thread T_0;
    .scope S_0x60198fa0c280;
T_1 ;
    %wait E_0x60198f9ba2e0;
    %load/vec4 v0x60198fa0d010_0;
    %dup/vec4;
    %pushi/vec4 0, 0, 6;
    %cmp/u;
    %jmp/1 T_1.0, 6;
    %dup/vec4;
    %pushi/vec4 1, 0, 6;
    %cmp/u;
    %jmp/1 T_1.1, 6;
    %dup/vec4;
    %pushi/vec4 2, 0, 6;
    %cmp/u;
    %jmp/1 T_1.2, 6;
    %dup/vec4;
    %pushi/vec4 3, 0, 6;
    %cmp/u;
    %jmp/1 T_1.3, 6;
    %dup/vec4;
    %pushi/vec4 4, 0, 6;
    %cmp/u;
    %jmp/1 T_1.4, 6;
    %dup/vec4;
    %pushi/vec4 5, 0, 6;
    %cmp/u;
    %jmp/1 T_1.5, 6;
    %dup/vec4;
    %pushi/vec4 6, 0, 6;
    %cmp/u;
    %jmp/1 T_1.6, 6;
    %dup/vec4;
    %pushi/vec4 7, 0, 6;
    %cmp/u;
    %jmp/1 T_1.7, 6;
    %pushi/vec4 0, 0, 1;
    %store/vec4 v0x60198fa0d1b0_0, 0, 1;
    %pushi/vec4 0, 0, 1;
    %store/vec4 v0x60198fa0d0f0_0, 0, 1;
    %pushi/vec4 0, 0, 1;
    %store/vec4 v0x60198fa0cc40_0, 0, 1;
    %pushi/vec4 0, 0, 3;
    %store/vec4 v0x60198fa0cb60_0, 0, 3;
    %pushi/vec4 0, 0, 1;
    %store/vec4 v0x60198fa0cf50_0, 0, 1;
    %pushi/vec4 0, 0, 1;
    %store/vec4 v0x60198fa0cd80_0, 0, 1;
    %pushi/vec4 0, 0, 1;
    %store/vec4 v0x60198fa0ce40_0, 0, 1;
    %pushi/vec4 0, 0, 1;
    %store/vec4 v0x60198fa0cce0_0, 0, 1;
    %jmp T_1.9;
T_1.0 ;
    %pushi/vec4 1, 0, 1;
    %store/vec4 v0x60198fa0d1b0_0, 0, 1;
    %pushi/vec4 1, 0, 1;
    %store/vec4 v0x60198fa0d0f0_0, 0, 1;
    %pushi/vec4 0, 0, 1;
    %store/vec4 v0x60198fa0cc40_0, 0, 1;
    %pushi/vec4 0, 0, 3;
    %store/vec4 v0x60198fa0cb60_0, 0, 3;
    %pushi/vec4 0, 0, 1;
    %store/vec4 v0x60198fa0cf50_0, 0, 1;
    %pushi/vec4 0, 0, 1;
    %store/vec4 v0x60198fa0cd80_0, 0, 1;
    %pushi/vec4 0, 0, 1;
    %store/vec4 v0x60198fa0ce40_0, 0, 1;
    %pushi/vec4 0, 0, 1;
    %store/vec4 v0x60198fa0cce0_0, 0, 1;
    %jmp T_1.9;
T_1.1 ;
    %pushi/vec4 1, 0, 1;
    %store/vec4 v0x60198fa0d1b0_0, 0, 1;
    %pushi/vec4 1, 0, 1;
    %store/vec4 v0x60198fa0d0f0_0, 0, 1;
    %pushi/vec4 0, 0, 1;
    %store/vec4 v0x60198fa0cc40_0, 0, 1;
    %pushi/vec4 1, 0, 3;
    %store/vec4 v0x60198fa0cb60_0, 0, 3;
    %pushi/vec4 0, 0, 1;
    %store/vec4 v0x60198fa0cf50_0, 0, 1;
    %pushi/vec4 0, 0, 1;
    %store/vec4 v0x60198fa0cd80_0, 0, 1;
    %pushi/vec4 0, 0, 1;
    %store/vec4 v0x60198fa0ce40_0, 0, 1;
    %pushi/vec4 0, 0, 1;
    %store/vec4 v0x60198fa0cce0_0, 0, 1;
    %jmp T_1.9;
T_1.2 ;
    %pushi/vec4 1, 0, 1;
    %store/vec4 v0x60198fa0d1b0_0, 0, 1;
    %pushi/vec4 1, 0, 1;
    %store/vec4 v0x60198fa0d0f0_0, 0, 1;
    %pushi/vec4 0, 0, 1;
    %store/vec4 v0x60198fa0cc40_0, 0, 1;
    %pushi/vec4 2, 0, 3;
    %store/vec4 v0x60198fa0cb60_0, 0, 3;
    %pushi/vec4 0, 0, 1;
    %store/vec4 v0x60198fa0cf50_0, 0, 1;
    %pushi/vec4 0, 0, 1;
    %store/vec4 v0x60198fa0cd80_0, 0, 1;
    %pushi/vec4 0, 0, 1;
    %store/vec4 v0x60198fa0ce40_0, 0, 1;
    %pushi/vec4 0, 0, 1;
    %store/vec4 v0x60198fa0cce0_0, 0, 1;
    %jmp T_1.9;
T_1.3 ;
    %pushi/vec4 1, 0, 1;
    %store/vec4 v0x60198fa0d1b0_0, 0, 1;
    %pushi/vec4 1, 0, 1;
    %store/vec4 v0x60198fa0d0f0_0, 0, 1;
    %pushi/vec4 0, 0, 1;
    %store/vec4 v0x60198fa0cc40_0, 0, 1;
    %pushi/vec4 3, 0, 3;
    %store/vec4 v0x60198fa0cb60_0, 0, 3;
    %pushi/vec4 0, 0, 1;
    %store/vec4 v0x60198fa0cf50_0, 0, 1;
    %pushi/vec4 0, 0, 1;
    %store/vec4 v0x60198fa0cd80_0, 0, 1;
    %pushi/vec4 0, 0, 1;
    %store/vec4 v0x60198fa0ce40_0, 0, 1;
    %pushi/vec4 0, 0, 1;
    %store/vec4 v0x60198fa0cce0_0, 0, 1;
    %jmp T_1.9;
T_1.4 ;
    %pushi/vec4 1, 0, 1;
    %store/vec4 v0x60198fa0d1b0_0, 0, 1;
    %pushi/vec4 0, 0, 1;
    %store/vec4 v0x60198fa0d0f0_0, 0, 1;
    %pushi/vec4 1, 0, 1;
    %store/vec4 v0x60198fa0cc40_0, 0, 1;
    %pushi/vec4 0, 0, 3;
    %store/vec4 v0x60198fa0cb60_0, 0, 3;
    %pushi/vec4 0, 0, 1;
    %store/vec4 v0x60198fa0cf50_0, 0, 1;
    %pushi/vec4 0, 0, 1;
    %store/vec4 v0x60198fa0cd80_0, 0, 1;
    %pushi/vec4 0, 0, 1;
    %store/vec4 v0x60198fa0ce40_0, 0, 1;
    %pushi/vec4 0, 0, 1;
    %store/vec4 v0x60198fa0cce0_0, 0, 1;
    %jmp T_1.9;
T_1.5 ;
    %pushi/vec4 1, 0, 1;
    %store/vec4 v0x60198fa0d1b0_0, 0, 1;
    %pushi/vec4 0, 0, 1;
    %store/vec4 v0x60198fa0d0f0_0, 0, 1;
    %pushi/vec4 1, 0, 1;
    %store/vec4 v0x60198fa0cc40_0, 0, 1;
    %pushi/vec4 0, 0, 3;
    %store/vec4 v0x60198fa0cb60_0, 0, 3;
    %pushi/vec4 0, 0, 1;
    %store/vec4 v0x60198fa0cf50_0, 0, 1;
    %pushi/vec4 1, 0, 1;
    %store/vec4 v0x60198fa0cd80_0, 0, 1;
    %pushi/vec4 1, 0, 1;
    %store/vec4 v0x60198fa0ce40_0, 0, 1;
    %pushi/vec4 0, 0, 1;
    %store/vec4 v0x60198fa0cce0_0, 0, 1;
    %jmp T_1.9;
T_1.6 ;
    %pushi/vec4 0, 0, 1;
    %store/vec4 v0x60198fa0d1b0_0, 0, 1;
    %pushi/vec4 0, 0, 1;
    %store/vec4 v0x60198fa0d0f0_0, 0, 1;
    %pushi/vec4 1, 0, 1;
    %store/vec4 v0x60198fa0cc40_0, 0, 1;
    %pushi/vec4 0, 0, 3;
    %store/vec4 v0x60198fa0cb60_0, 0, 3;
    %pushi/vec4 1, 0, 1;
    %store/vec4 v0x60198fa0cf50_0, 0, 1;
    %pushi/vec4 0, 0, 1;
    %store/vec4 v0x60198fa0cd80_0, 0, 1;
    %pushi/vec4 0, 0, 1;
    %store/vec4 v0x60198fa0ce40_0, 0, 1;
    %pushi/vec4 0, 0, 1;
    %store/vec4 v0x60198fa0cce0_0, 0, 1;
    %jmp T_1.9;
T_1.7 ;
    %pushi/vec4 0, 0, 1;
    %store/vec4 v0x60198fa0d1b0_0, 0, 1;
    %pushi/vec4 0, 0, 1;
    %store/vec4 v0x60198fa0d0f0_0, 0, 1;
    %pushi/vec4 0, 0, 1;
    %store/vec4 v0x60198fa0cc40_0, 0, 1;
    %pushi/vec4 1, 0, 3;
    %store/vec4 v0x60198fa0cb60_0, 0, 3;
    %pushi/vec4 0, 0, 1;
    %store/vec4 v0x60198fa0cf50_0, 0, 1;
    %pushi/vec4 0, 0, 1;
    %store/vec4 v0x60198fa0cd80_0, 0, 1;
    %pushi/vec4 0, 0, 1;
    %store/vec4 v0x60198fa0ce40_0, 0, 1;
    %pushi/vec4 1, 0, 1;
    %store/vec4 v0x60198fa0cce0_0, 0, 1;
    %jmp T_1.9;
T_1.9 ;
    %pop/vec4 1;
    %jmp T_1;
    .thread T_1, $push;
    .scope S_0x60198fa0d9d0;
T_2 ;
    %pushi/vec4 0, 0, 32;
    %store/vec4 v0x60198fa0e340_0, 0, 32;
T_2.0 ;
    %load/vec4 v0x60198fa0e340_0;
    %cmpi/s 32, 0, 32;
    %jmp/0xz T_2.1, 5;
    %pushi/vec4 0, 0, 32;
    %ix/getv/s 4, v0x60198fa0e340_0;
    %store/vec4a v0x60198fa0e690, 4, 0;
    ; show_stmt_assign_vector: Get l-value for compressed += operand
    %load/vec4 v0x60198fa0e340_0;
    %pushi/vec4 1, 0, 32;
    %add;
    %store/vec4 v0x60198fa0e340_0, 0, 32;
    %jmp T_2.0;
T_2.1 ;
    %end;
    .thread T_2;
    .scope S_0x60198fa0d9d0;
T_3 ;
    %wait E_0x60198f9a53d0;
    %load/vec4 v0x60198fa0e9f0_0;
    %flag_set/vec4 9;
    %flag_get/vec4 9;
    %jmp/0 T_3.2, 9;
    %load/vec4 v0x60198fa0e400_0;
    %pad/u 32;
    %pushi/vec4 0, 0, 32;
    %cmp/ne;
    %flag_get/vec4 4;
    %and;
T_3.2;
    %flag_set/vec4 8;
    %jmp/0xz  T_3.0, 8;
    %load/vec4 v0x60198fa0e910_0;
    %load/vec4 v0x60198fa0e400_0;
    %pad/u 7;
    %ix/vec4 3;
    %ix/load 4, 0, 0; Constant delay
    %assign/vec4/a/d v0x60198fa0e690, 0, 4;
T_3.0 ;
    %jmp T_3;
    .thread T_3;
    .scope S_0x60198f9ebd20;
T_4 ;
    %wait E_0x60198f981d80;
    %load/vec4 v0x60198fa0c060_0;
    %dup/vec4;
    %pushi/vec4 0, 0, 3;
    %cmp/u;
    %jmp/1 T_4.0, 6;
    %dup/vec4;
    %pushi/vec4 1, 0, 3;
    %cmp/u;
    %jmp/1 T_4.1, 6;
    %dup/vec4;
    %pushi/vec4 2, 0, 3;
    %cmp/u;
    %jmp/1 T_4.2, 6;
    %dup/vec4;
    %pushi/vec4 3, 0, 3;
    %cmp/u;
    %jmp/1 T_4.3, 6;
    %pushi/vec4 0, 0, 32;
    %store/vec4 v0x60198fa0c120_0, 0, 32;
    %jmp T_4.5;
T_4.0 ;
    %load/vec4 v0x60198f9ee8f0_0;
    %load/vec4 v0x60198fa0bf80_0;
    %add;
    %store/vec4 v0x60198fa0c120_0, 0, 32;
    %jmp T_4.5;
T_4.1 ;
    %load/vec4 v0x60198f9ee8f0_0;
    %load/vec4 v0x60198fa0bf80_0;
    %sub;
    %store/vec4 v0x60198fa0c120_0, 0, 32;
    %jmp T_4.5;
T_4.2 ;
    %load/vec4 v0x60198f9ee8f0_0;
    %load/vec4 v0x60198fa0bf80_0;
    %and;
    %store/vec4 v0x60198fa0c120_0, 0, 32;
    %jmp T_4.5;
T_4.3 ;
    %load/vec4 v0x60198f9ee8f0_0;
    %load/vec4 v0x60198fa0bf80_0;
    %or;
    %store/vec4 v0x60198fa0c120_0, 0, 32;
    %jmp T_4.5;
T_4.5 ;
    %pop/vec4 1;
    %jmp T_4;
    .thread T_4, $push;
    .scope S_0x60198fa11090;
T_5 ;
    %pushi/vec4 0, 0, 32;
    %store/vec4 v0x60198fa117b0_0, 0, 32;
T_5.0 ;
    %load/vec4 v0x60198fa117b0_0;
    %cmpi/s 256, 0, 32;
    %jmp/0xz T_5.1, 5;
    %pushi/vec4 0, 0, 32;
    %ix/getv/s 4, v0x60198fa117b0_0;
    %store/vec4a v0x60198fa11870, 4, 0;
    ; show_stmt_assign_vector: Get l-value for compressed += operand
    %load/vec4 v0x60198fa117b0_0;
    %pushi/vec4 1, 0, 32;
    %add;
    %store/vec4 v0x60198fa117b0_0, 0, 32;
    %jmp T_5.0;
T_5.1 ;
    %end;
    .thread T_5;
    .scope S_0x60198fa11090;
T_6 ;
    %wait E_0x60198f9a53d0;
    %load/vec4 v0x60198fa11af0_0;
    %flag_set/vec4 8;
    %jmp/0xz  T_6.0, 8;
    %load/vec4 v0x60198fa11a20_0;
    %load/vec4 v0x60198fa11600_0;
    %ix/load 4, 2, 0;
    %flag_set/imm 4, 0;
    %shiftr 4;
    %ix/vec4 3;
    %ix/load 4, 0, 0; Constant delay
    %assign/vec4/a/d v0x60198fa11870, 0, 4;
T_6.0 ;
    %jmp T_6;
    .thread T_6;
    .scope S_0x60198fa11c50;
T_7 ;
    %vpi_call 10 8 "$readmemh", "program.mem", v0x60198fa12370 {0 0 0};
    %end;
    .thread T_7;
    .scope S_0x60198f9ec0a0;
T_8 ;
    %delay 5000, 0;
    %load/vec4 v0x60198fa12d10_0;
    %inv;
    %store/vec4 v0x60198fa12d10_0, 0, 1;
    %jmp T_8;
    .thread T_8;
    .scope S_0x60198f9ec0a0;
T_9 ;
    %vpi_call 2 16 "$monitor", "Time=%0t PC=%h", $time, v0x60198fa104d0_0 {0 0 0};
    %end;
    .thread T_9;
    .scope S_0x60198f9ec0a0;
T_10 ;
    %vpi_call 2 21 "$dumpfile", "sim/top_module.vcd" {0 0 0};
    %vpi_call 2 22 "$dumpvars", 32'sb00000000000000000000000000000000, S_0x60198f9ec0a0 {0 0 0};
    %pushi/vec4 0, 0, 1;
    %store/vec4 v0x60198fa12d10_0, 0, 1;
    %pushi/vec4 1, 0, 1;
    %store/vec4 v0x60198fa12db0_0, 0, 1;
    %delay 10000, 0;
    %pushi/vec4 0, 0, 1;
    %store/vec4 v0x60198fa12db0_0, 0, 1;
    %delay 100000, 0;
    %vpi_call 2 36 "$finish" {0 0 0};
    %end;
    .thread T_10;
# The file index is used to find the file name in the following table.
:file_names 11;
    "N/A";
    "<interactive>";
    "tb/top_module_tb.v";
    "rtl/top_module.v";
    "rtl/cpu.v";
    "rtl/alu.v";
    "rtl/cu.v";
    "rtl/pc.v";
    "rtl/regfile.v";
    "rtl/dmem.v";
    "rtl/imem.v";
